CRITICAL - 2022-12-30 15:55:35 --> include(C:\xampp\htdocs\education\codeigniter\app\Views\pages/data/session.php): Failed to open stream: No such file or directory
in APPPATH\Views\pages\reiter.php on line 2.
 1 APPPATH\Views\pages\reiter.php(2): CodeIgniter\Debug\Exceptions->errorHandler(2, 'include(C:\\xampp\\htdocs\\education\\codeigniter\\app\\Views\\pages/data/session.php): Failed to open stream: No such file or directory', 'APPPATH\\Views\\pages\\reiter.php', 2)
 2 APPPATH\Views\pages\reiter.php(2): include()
 3 SYSTEMPATH\View\View.php(213): include('APPPATH\\Views\\pages\\reiter.php')
 4 SYSTEMPATH\View\View.php(216): CodeIgniter\View\View->CodeIgniter\View\{closure}()
 5 SYSTEMPATH\Common.php(1135): CodeIgniter\View\View->render('pages/reiter', [], true)
 6 APPPATH\Controllers\Reiter.php(17): view('pages/reiter')
 7 SYSTEMPATH\CodeIgniter.php(925): App\Controllers\Reiter->index()
 8 SYSTEMPATH\CodeIgniter.php(480): CodeIgniter\CodeIgniter->runController(Object(App\Controllers\Reiter))
 9 SYSTEMPATH\CodeIgniter.php(349): CodeIgniter\CodeIgniter->handleRequest(null, Object(Config\Cache), false)
10 FCPATH\index.php(67): CodeIgniter\CodeIgniter->run()
CRITICAL - 2022-12-30 16:02:36 --> Undefined global variable $_SESSION
in APPPATH\Views\pages\reiter.php on line 19.
 1 APPPATH\Views\pages\reiter.php(19): CodeIgniter\Debug\Exceptions->errorHandler(2, 'Undefined global variable $_SESSION', 'APPPATH\\Views\\pages\\reiter.php', 19)
 2 SYSTEMPATH\View\View.php(213): include('APPPATH\\Views\\pages\\reiter.php')
 3 SYSTEMPATH\View\View.php(216): CodeIgniter\View\View->CodeIgniter\View\{closure}()
 4 SYSTEMPATH\Common.php(1135): CodeIgniter\View\View->render('pages/reiter', [], true)
 5 APPPATH\Controllers\Reiter.php(18): view('pages/reiter')
 6 SYSTEMPATH\CodeIgniter.php(925): App\Controllers\Reiter->index()
 7 SYSTEMPATH\CodeIgniter.php(480): CodeIgniter\CodeIgniter->runController(Object(App\Controllers\Reiter))
 8 SYSTEMPATH\CodeIgniter.php(349): CodeIgniter\CodeIgniter->handleRequest(null, Object(Config\Cache), false)
 9 FCPATH\index.php(67): CodeIgniter\CodeIgniter->run()
CRITICAL - 2022-12-30 16:17:02 --> include(functions/sidebar.php): Failed to open stream: No such file or directory
in APPPATH\Views\pages\aufgaben.php on line 4.
 1 APPPATH\Views\pages\aufgaben.php(4): CodeIgniter\Debug\Exceptions->errorHandler(2, 'include(functions/sidebar.php): Failed to open stream: No such file or directory', 'APPPATH\\Views\\pages\\aufgaben.php', 4)
 2 APPPATH\Views\pages\aufgaben.php(4): include()
 3 SYSTEMPATH\View\View.php(213): include('APPPATH\\Views\\pages\\aufgaben.php')
 4 SYSTEMPATH\View\View.php(216): CodeIgniter\View\View->CodeIgniter\View\{closure}()
 5 SYSTEMPATH\Common.php(1135): CodeIgniter\View\View->render('pages/aufgaben', [], true)
 6 APPPATH\Controllers\Aufgaben.php(17): view('pages/aufgaben')
 7 SYSTEMPATH\CodeIgniter.php(925): App\Controllers\Aufgaben->index()
 8 SYSTEMPATH\CodeIgniter.php(480): CodeIgniter\CodeIgniter->runController(Object(App\Controllers\Aufgaben))
 9 SYSTEMPATH\CodeIgniter.php(349): CodeIgniter\CodeIgniter->handleRequest(null, Object(Config\Cache), false)
10 FCPATH\index.php(67): CodeIgniter\CodeIgniter->run()
CRITICAL - 2022-12-30 16:22:50 --> Undefined variable $DATA_exercises
in APPPATH\Views\pages\aufgaben.php on line 18.
 1 APPPATH\Views\pages\aufgaben.php(18): CodeIgniter\Debug\Exceptions->errorHandler(2, 'Undefined variable $DATA_exercises', 'APPPATH\\Views\\pages\\aufgaben.php', 18)
 2 SYSTEMPATH\View\View.php(213): include('APPPATH\\Views\\pages\\aufgaben.php')
 3 SYSTEMPATH\View\View.php(216): CodeIgniter\View\View->CodeIgniter\View\{closure}()
 4 SYSTEMPATH\Common.php(1135): CodeIgniter\View\View->render('pages/aufgaben', [], true)
 5 APPPATH\Controllers\Aufgaben.php(21): view('pages/aufgaben')
 6 SYSTEMPATH\CodeIgniter.php(925): App\Controllers\Aufgaben->index()
 7 SYSTEMPATH\CodeIgniter.php(480): CodeIgniter\CodeIgniter->runController(Object(App\Controllers\Aufgaben))
 8 SYSTEMPATH\CodeIgniter.php(349): CodeIgniter\CodeIgniter->handleRequest(null, Object(Config\Cache), false)
 9 FCPATH\index.php(67): CodeIgniter\CodeIgniter->run()
CRITICAL - 2022-12-30 16:23:02 --> Undefined global variable $_SESSION
in APPPATH\Views\pages\aufgaben.php on line 20.
 1 APPPATH\Views\pages\aufgaben.php(20): CodeIgniter\Debug\Exceptions->errorHandler(2, 'Undefined global variable $_SESSION', 'APPPATH\\Views\\pages\\aufgaben.php', 20)
 2 SYSTEMPATH\View\View.php(213): include('APPPATH\\Views\\pages\\aufgaben.php')
 3 SYSTEMPATH\View\View.php(216): CodeIgniter\View\View->CodeIgniter\View\{closure}()
 4 SYSTEMPATH\Common.php(1135): CodeIgniter\View\View->render('pages/aufgaben', [], true)
 5 APPPATH\Controllers\Aufgaben.php(21): view('pages/aufgaben')
 6 SYSTEMPATH\CodeIgniter.php(925): App\Controllers\Aufgaben->index()
 7 SYSTEMPATH\CodeIgniter.php(480): CodeIgniter\CodeIgniter->runController(Object(App\Controllers\Aufgaben))
 8 SYSTEMPATH\CodeIgniter.php(349): CodeIgniter\CodeIgniter->handleRequest(null, Object(Config\Cache), false)
 9 FCPATH\index.php(67): CodeIgniter\CodeIgniter->run()
CRITICAL - 2022-12-30 16:34:26 --> Undefined variable $DATA_exercises
in APPPATH\Views\pages\aufgaben.php on line 18.
 1 APPPATH\Views\pages\aufgaben.php(18): CodeIgniter\Debug\Exceptions->errorHandler(2, 'Undefined variable $DATA_exercises', 'APPPATH\\Views\\pages\\aufgaben.php', 18)
 2 SYSTEMPATH\View\View.php(213): include('APPPATH\\Views\\pages\\aufgaben.php')
 3 SYSTEMPATH\View\View.php(216): CodeIgniter\View\View->CodeIgniter\View\{closure}()
 4 SYSTEMPATH\Common.php(1135): CodeIgniter\View\View->render('pages/aufgaben', [], true)
 5 APPPATH\Controllers\Aufgaben.php(21): view('pages/aufgaben')
 6 SYSTEMPATH\CodeIgniter.php(925): App\Controllers\Aufgaben->index()
 7 SYSTEMPATH\CodeIgniter.php(480): CodeIgniter\CodeIgniter->runController(Object(App\Controllers\Aufgaben))
 8 SYSTEMPATH\CodeIgniter.php(349): CodeIgniter\CodeIgniter->handleRequest(null, Object(Config\Cache), false)
 9 FCPATH\index.php(67): CodeIgniter\CodeIgniter->run()
CRITICAL - 2022-12-30 16:34:31 --> Undefined variable $DATA_exercises
in APPPATH\Views\pages\aufgaben.php on line 18.
 1 APPPATH\Views\pages\aufgaben.php(18): CodeIgniter\Debug\Exceptions->errorHandler(2, 'Undefined variable $DATA_exercises', 'APPPATH\\Views\\pages\\aufgaben.php', 18)
 2 SYSTEMPATH\View\View.php(213): include('APPPATH\\Views\\pages\\aufgaben.php')
 3 SYSTEMPATH\View\View.php(216): CodeIgniter\View\View->CodeIgniter\View\{closure}()
 4 SYSTEMPATH\Common.php(1135): CodeIgniter\View\View->render('pages/aufgaben', [], true)
 5 APPPATH\Controllers\Aufgaben.php(21): view('pages/aufgaben')
 6 SYSTEMPATH\CodeIgniter.php(925): App\Controllers\Aufgaben->index()
 7 SYSTEMPATH\CodeIgniter.php(480): CodeIgniter\CodeIgniter->runController(Object(App\Controllers\Aufgaben))
 8 SYSTEMPATH\CodeIgniter.php(349): CodeIgniter\CodeIgniter->handleRequest(null, Object(Config\Cache), false)
 9 FCPATH\index.php(67): CodeIgniter\CodeIgniter->run()
CRITICAL - 2022-12-30 16:34:50 --> Undefined global variable $_SESSION
in APPPATH\Views\pages\aufgaben.php on line 20.
 1 APPPATH\Views\pages\aufgaben.php(20): CodeIgniter\Debug\Exceptions->errorHandler(2, 'Undefined global variable $_SESSION', 'APPPATH\\Views\\pages\\aufgaben.php', 20)
 2 SYSTEMPATH\View\View.php(213): include('APPPATH\\Views\\pages\\aufgaben.php')
 3 SYSTEMPATH\View\View.php(216): CodeIgniter\View\View->CodeIgniter\View\{closure}()
 4 SYSTEMPATH\Common.php(1135): CodeIgniter\View\View->render('pages/aufgaben', [], true)
 5 APPPATH\Controllers\Aufgaben.php(21): view('pages/aufgaben')
 6 SYSTEMPATH\CodeIgniter.php(925): App\Controllers\Aufgaben->index()
 7 SYSTEMPATH\CodeIgniter.php(480): CodeIgniter\CodeIgniter->runController(Object(App\Controllers\Aufgaben))
 8 SYSTEMPATH\CodeIgniter.php(349): CodeIgniter\CodeIgniter->handleRequest(null, Object(Config\Cache), false)
 9 FCPATH\index.php(67): CodeIgniter\CodeIgniter->run()
CRITICAL - 2022-12-30 16:35:08 --> Undefined array key "members"
in APPPATH\Views\pages\aufgaben.php on line 26.
 1 APPPATH\Views\pages\aufgaben.php(26): CodeIgniter\Debug\Exceptions->errorHandler(2, 'Undefined array key "members"', 'APPPATH\\Views\\pages\\aufgaben.php', 26)
 2 SYSTEMPATH\View\View.php(213): include('APPPATH\\Views\\pages\\aufgaben.php')
 3 SYSTEMPATH\View\View.php(216): CodeIgniter\View\View->CodeIgniter\View\{closure}()
 4 SYSTEMPATH\Common.php(1135): CodeIgniter\View\View->render('pages/aufgaben', [], true)
 5 APPPATH\Controllers\Aufgaben.php(23): view('pages/aufgaben')
 6 SYSTEMPATH\CodeIgniter.php(925): App\Controllers\Aufgaben->index()
 7 SYSTEMPATH\CodeIgniter.php(480): CodeIgniter\CodeIgniter->runController(Object(App\Controllers\Aufgaben))
 8 SYSTEMPATH\CodeIgniter.php(349): CodeIgniter\CodeIgniter->handleRequest(null, Object(Config\Cache), false)
 9 FCPATH\index.php(67): CodeIgniter\CodeIgniter->run()
CRITICAL - 2022-12-30 16:36:22 --> include(C:\xampp\htdocs\education\codeigniter\app\Views\pages/data/session.php): Failed to open stream: No such file or directory
in APPPATH\Views\pages\mitglieder.php on line 2.
 1 APPPATH\Views\pages\mitglieder.php(2): CodeIgniter\Debug\Exceptions->errorHandler(2, 'include(C:\\xampp\\htdocs\\education\\codeigniter\\app\\Views\\pages/data/session.php): Failed to open stream: No such file or directory', 'APPPATH\\Views\\pages\\mitglieder.php', 2)
 2 APPPATH\Views\pages\mitglieder.php(2): include()
 3 SYSTEMPATH\View\View.php(213): include('APPPATH\\Views\\pages\\mitglieder.php')
 4 SYSTEMPATH\View\View.php(216): CodeIgniter\View\View->CodeIgniter\View\{closure}()
 5 SYSTEMPATH\Common.php(1135): CodeIgniter\View\View->render('pages/mitglieder', [], true)
 6 APPPATH\Controllers\Mitglieder.php(17): view('pages/mitglieder')
 7 SYSTEMPATH\CodeIgniter.php(925): App\Controllers\Mitglieder->index()
 8 SYSTEMPATH\CodeIgniter.php(480): CodeIgniter\CodeIgniter->runController(Object(App\Controllers\Mitglieder))
 9 SYSTEMPATH\CodeIgniter.php(349): CodeIgniter\CodeIgniter->handleRequest(null, Object(Config\Cache), false)
10 FCPATH\index.php(67): CodeIgniter\CodeIgniter->run()
CRITICAL - 2022-12-30 16:38:19 --> include(C:\xampp\htdocs\education\codeigniter\app\Views\pages/data/session.php): Failed to open stream: No such file or directory
in APPPATH\Views\pages\mitglieder.php on line 2.
 1 APPPATH\Views\pages\mitglieder.php(2): CodeIgniter\Debug\Exceptions->errorHandler(2, 'include(C:\\xampp\\htdocs\\education\\codeigniter\\app\\Views\\pages/data/session.php): Failed to open stream: No such file or directory', 'APPPATH\\Views\\pages\\mitglieder.php', 2)
 2 APPPATH\Views\pages\mitglieder.php(2): include()
 3 SYSTEMPATH\View\View.php(213): include('APPPATH\\Views\\pages\\mitglieder.php')
 4 SYSTEMPATH\View\View.php(216): CodeIgniter\View\View->CodeIgniter\View\{closure}()
 5 SYSTEMPATH\Common.php(1135): CodeIgniter\View\View->render('pages/mitglieder', [], true)
 6 APPPATH\Controllers\Mitglieder.php(18): view('pages/mitglieder')
 7 SYSTEMPATH\CodeIgniter.php(925): App\Controllers\Mitglieder->index()
 8 SYSTEMPATH\CodeIgniter.php(480): CodeIgniter\CodeIgniter->runController(Object(App\Controllers\Mitglieder))
 9 SYSTEMPATH\CodeIgniter.php(349): CodeIgniter\CodeIgniter->handleRequest(null, Object(Config\Cache), false)
10 FCPATH\index.php(67): CodeIgniter\CodeIgniter->run()
CRITICAL - 2022-12-30 16:38:20 --> include(C:\xampp\htdocs\education\codeigniter\app\Views\pages/data/session.php): Failed to open stream: No such file or directory
in APPPATH\Views\pages\mitglieder.php on line 2.
 1 APPPATH\Views\pages\mitglieder.php(2): CodeIgniter\Debug\Exceptions->errorHandler(2, 'include(C:\\xampp\\htdocs\\education\\codeigniter\\app\\Views\\pages/data/session.php): Failed to open stream: No such file or directory', 'APPPATH\\Views\\pages\\mitglieder.php', 2)
 2 APPPATH\Views\pages\mitglieder.php(2): include()
 3 SYSTEMPATH\View\View.php(213): include('APPPATH\\Views\\pages\\mitglieder.php')
 4 SYSTEMPATH\View\View.php(216): CodeIgniter\View\View->CodeIgniter\View\{closure}()
 5 SYSTEMPATH\Common.php(1135): CodeIgniter\View\View->render('pages/mitglieder', [], true)
 6 APPPATH\Controllers\Mitglieder.php(18): view('pages/mitglieder')
 7 SYSTEMPATH\CodeIgniter.php(925): App\Controllers\Mitglieder->index()
 8 SYSTEMPATH\CodeIgniter.php(480): CodeIgniter\CodeIgniter->runController(Object(App\Controllers\Mitglieder))
 9 SYSTEMPATH\CodeIgniter.php(349): CodeIgniter\CodeIgniter->handleRequest(null, Object(Config\Cache), false)
10 FCPATH\index.php(67): CodeIgniter\CodeIgniter->run()
CRITICAL - 2022-12-30 16:38:26 --> include(C:\xampp\htdocs\education\codeigniter\app\Views\pages/data/session.php): Failed to open stream: No such file or directory
in APPPATH\Views\pages\mitglieder.php on line 2.
 1 APPPATH\Views\pages\mitglieder.php(2): CodeIgniter\Debug\Exceptions->errorHandler(2, 'include(C:\\xampp\\htdocs\\education\\codeigniter\\app\\Views\\pages/data/session.php): Failed to open stream: No such file or directory', 'APPPATH\\Views\\pages\\mitglieder.php', 2)
 2 APPPATH\Views\pages\mitglieder.php(2): include()
 3 SYSTEMPATH\View\View.php(213): include('APPPATH\\Views\\pages\\mitglieder.php')
 4 SYSTEMPATH\View\View.php(216): CodeIgniter\View\View->CodeIgniter\View\{closure}()
 5 SYSTEMPATH\Common.php(1135): CodeIgniter\View\View->render('pages/mitglieder', [], true)
 6 APPPATH\Controllers\Mitglieder.php(18): view('pages/mitglieder')
 7 SYSTEMPATH\CodeIgniter.php(925): App\Controllers\Mitglieder->index()
 8 SYSTEMPATH\CodeIgniter.php(480): CodeIgniter\CodeIgniter->runController(Object(App\Controllers\Mitglieder))
 9 SYSTEMPATH\CodeIgniter.php(349): CodeIgniter\CodeIgniter->handleRequest(null, Object(Config\Cache), false)
10 FCPATH\index.php(67): CodeIgniter\CodeIgniter->run()
CRITICAL - 2022-12-30 16:38:38 --> Undefined global variable $_SESSION
in APPPATH\Views\pages\mitglieder.php on line 24.
 1 APPPATH\Views\pages\mitglieder.php(24): CodeIgniter\Debug\Exceptions->errorHandler(2, 'Undefined global variable $_SESSION', 'APPPATH\\Views\\pages\\mitglieder.php', 24)
 2 SYSTEMPATH\View\View.php(213): include('APPPATH\\Views\\pages\\mitglieder.php')
 3 SYSTEMPATH\View\View.php(216): CodeIgniter\View\View->CodeIgniter\View\{closure}()
 4 SYSTEMPATH\Common.php(1135): CodeIgniter\View\View->render('pages/mitglieder', [], true)
 5 APPPATH\Controllers\Mitglieder.php(18): view('pages/mitglieder')
 6 SYSTEMPATH\CodeIgniter.php(925): App\Controllers\Mitglieder->index()
 7 SYSTEMPATH\CodeIgniter.php(480): CodeIgniter\CodeIgniter->runController(Object(App\Controllers\Mitglieder))
 8 SYSTEMPATH\CodeIgniter.php(349): CodeIgniter\CodeIgniter->handleRequest(null, Object(Config\Cache), false)
 9 FCPATH\index.php(67): CodeIgniter\CodeIgniter->run()
CRITICAL - 2022-12-30 16:38:39 --> Undefined global variable $_SESSION
in APPPATH\Views\pages\mitglieder.php on line 24.
 1 APPPATH\Views\pages\mitglieder.php(24): CodeIgniter\Debug\Exceptions->errorHandler(2, 'Undefined global variable $_SESSION', 'APPPATH\\Views\\pages\\mitglieder.php', 24)
 2 SYSTEMPATH\View\View.php(213): include('APPPATH\\Views\\pages\\mitglieder.php')
 3 SYSTEMPATH\View\View.php(216): CodeIgniter\View\View->CodeIgniter\View\{closure}()
 4 SYSTEMPATH\Common.php(1135): CodeIgniter\View\View->render('pages/mitglieder', [], true)
 5 APPPATH\Controllers\Mitglieder.php(18): view('pages/mitglieder')
 6 SYSTEMPATH\CodeIgniter.php(925): App\Controllers\Mitglieder->index()
 7 SYSTEMPATH\CodeIgniter.php(480): CodeIgniter\CodeIgniter->runController(Object(App\Controllers\Mitglieder))
 8 SYSTEMPATH\CodeIgniter.php(349): CodeIgniter\CodeIgniter->handleRequest(null, Object(Config\Cache), false)
 9 FCPATH\index.php(67): CodeIgniter\CodeIgniter->run()
CRITICAL - 2022-12-30 16:38:39 --> Undefined global variable $_SESSION
in APPPATH\Views\pages\mitglieder.php on line 24.
 1 APPPATH\Views\pages\mitglieder.php(24): CodeIgniter\Debug\Exceptions->errorHandler(2, 'Undefined global variable $_SESSION', 'APPPATH\\Views\\pages\\mitglieder.php', 24)
 2 SYSTEMPATH\View\View.php(213): include('APPPATH\\Views\\pages\\mitglieder.php')
 3 SYSTEMPATH\View\View.php(216): CodeIgniter\View\View->CodeIgniter\View\{closure}()
 4 SYSTEMPATH\Common.php(1135): CodeIgniter\View\View->render('pages/mitglieder', [], true)
 5 APPPATH\Controllers\Mitglieder.php(18): view('pages/mitglieder')
 6 SYSTEMPATH\CodeIgniter.php(925): App\Controllers\Mitglieder->index()
 7 SYSTEMPATH\CodeIgniter.php(480): CodeIgniter\CodeIgniter->runController(Object(App\Controllers\Mitglieder))
 8 SYSTEMPATH\CodeIgniter.php(349): CodeIgniter\CodeIgniter->handleRequest(null, Object(Config\Cache), false)
 9 FCPATH\index.php(67): CodeIgniter\CodeIgniter->run()
CRITICAL - 2022-12-30 16:47:14 --> Undefined variable $DATA_Reiter
in APPPATH\Views\pages\uebersicht.php on line 8.
 1 APPPATH\Views\pages\uebersicht.php(8): CodeIgniter\Debug\Exceptions->errorHandler(2, 'Undefined variable $DATA_Reiter', 'APPPATH\\Views\\pages\\uebersicht.php', 8)
 2 SYSTEMPATH\View\View.php(213): include('APPPATH\\Views\\pages\\uebersicht.php')
 3 SYSTEMPATH\View\View.php(216): CodeIgniter\View\View->CodeIgniter\View\{closure}()
 4 SYSTEMPATH\Common.php(1135): CodeIgniter\View\View->render('pages/uebersicht', [], true)
 5 APPPATH\Controllers\Home.php(18): view('pages/uebersicht', [...])
 6 SYSTEMPATH\CodeIgniter.php(925): App\Controllers\Home->index()
 7 SYSTEMPATH\CodeIgniter.php(480): CodeIgniter\CodeIgniter->runController(Object(App\Controllers\Home))
 8 SYSTEMPATH\CodeIgniter.php(349): CodeIgniter\CodeIgniter->handleRequest(null, Object(Config\Cache), false)
 9 FCPATH\index.php(67): CodeIgniter\CodeIgniter->run()
CRITICAL - 2022-12-30 16:48:06 --> Undefined array key "reiter"
in APPPATH\Controllers\SessionController.php on line 149.
 1 APPPATH\Controllers\SessionController.php(149): CodeIgniter\Debug\Exceptions->errorHandler(2, 'Undefined array key "reiter"', 'APPPATH\\Controllers\\SessionController.php', 149)
 2 APPPATH\Controllers\Home.php(16): App\Controllers\SessionController->get_uebersicht()
 3 SYSTEMPATH\CodeIgniter.php(925): App\Controllers\Home->index()
 4 SYSTEMPATH\CodeIgniter.php(480): CodeIgniter\CodeIgniter->runController(Object(App\Controllers\Home))
 5 SYSTEMPATH\CodeIgniter.php(349): CodeIgniter\CodeIgniter->handleRequest(null, Object(Config\Cache), false)
 6 FCPATH\index.php(67): CodeIgniter\CodeIgniter->run()
CRITICAL - 2022-12-30 16:48:07 --> Undefined array key "reiter"
in APPPATH\Controllers\SessionController.php on line 149.
 1 APPPATH\Controllers\SessionController.php(149): CodeIgniter\Debug\Exceptions->errorHandler(2, 'Undefined array key "reiter"', 'APPPATH\\Controllers\\SessionController.php', 149)
 2 APPPATH\Controllers\Home.php(16): App\Controllers\SessionController->get_uebersicht()
 3 SYSTEMPATH\CodeIgniter.php(925): App\Controllers\Home->index()
 4 SYSTEMPATH\CodeIgniter.php(480): CodeIgniter\CodeIgniter->runController(Object(App\Controllers\Home))
 5 SYSTEMPATH\CodeIgniter.php(349): CodeIgniter\CodeIgniter->handleRequest(null, Object(Config\Cache), false)
 6 FCPATH\index.php(67): CodeIgniter\CodeIgniter->run()
CRITICAL - 2022-12-30 16:49:26 --> Undefined array key "reiter"
in APPPATH\Controllers\SessionController.php on line 149.
 1 APPPATH\Controllers\SessionController.php(149): CodeIgniter\Debug\Exceptions->errorHandler(2, 'Undefined array key "reiter"', 'APPPATH\\Controllers\\SessionController.php', 149)
 2 APPPATH\Controllers\Home.php(16): App\Controllers\SessionController->create_uebersicht()
 3 SYSTEMPATH\CodeIgniter.php(925): App\Controllers\Home->index()
 4 SYSTEMPATH\CodeIgniter.php(480): CodeIgniter\CodeIgniter->runController(Object(App\Controllers\Home))
 5 SYSTEMPATH\CodeIgniter.php(349): CodeIgniter\CodeIgniter->handleRequest(null, Object(Config\Cache), false)
 6 FCPATH\index.php(67): CodeIgniter\CodeIgniter->run()
CRITICAL - 2022-12-30 16:51:25 --> Undefined variable $DATA_Reiter
in APPPATH\Views\pages\uebersicht.php on line 8.
 1 APPPATH\Views\pages\uebersicht.php(8): CodeIgniter\Debug\Exceptions->errorHandler(2, 'Undefined variable $DATA_Reiter', 'APPPATH\\Views\\pages\\uebersicht.php', 8)
 2 SYSTEMPATH\View\View.php(213): include('APPPATH\\Views\\pages\\uebersicht.php')
 3 SYSTEMPATH\View\View.php(216): CodeIgniter\View\View->CodeIgniter\View\{closure}()
 4 SYSTEMPATH\Common.php(1135): CodeIgniter\View\View->render('pages/uebersicht', [], true)
 5 APPPATH\Controllers\Home.php(21): view('pages/uebersicht', [...])
 6 SYSTEMPATH\CodeIgniter.php(925): App\Controllers\Home->index()
 7 SYSTEMPATH\CodeIgniter.php(480): CodeIgniter\CodeIgniter->runController(Object(App\Controllers\Home))
 8 SYSTEMPATH\CodeIgniter.php(349): CodeIgniter\CodeIgniter->handleRequest(null, Object(Config\Cache), false)
 9 FCPATH\index.php(67): CodeIgniter\CodeIgniter->run()
