CRITICAL - 2022-12-29 17:37:06 --> include(C:\xampp\htdocs\education\codeigniter\app\Views\pages/data/session.php): Failed to open stream: No such file or directory
in APPPATH\Views\pages\projekte.php on line 2.
 1 APPPATH\Views\pages\projekte.php(2): CodeIgniter\Debug\Exceptions->errorHandler(2, 'include(C:\\xampp\\htdocs\\education\\codeigniter\\app\\Views\\pages/data/session.php): Failed to open stream: No such file or directory', 'APPPATH\\Views\\pages\\projekte.php', 2)
 2 APPPATH\Views\pages\projekte.php(2): include()
 3 SYSTEMPATH\View\View.php(213): include('APPPATH\\Views\\pages\\projekte.php')
 4 SYSTEMPATH\View\View.php(216): CodeIgniter\View\View->CodeIgniter\View\{closure}()
 5 SYSTEMPATH\Common.php(1135): CodeIgniter\View\View->render('pages/projekte', [], true)
 6 APPPATH\Controllers\Projekte.php(17): view('pages/projekte')
 7 SYSTEMPATH\CodeIgniter.php(925): App\Controllers\Projekte->index()
 8 SYSTEMPATH\CodeIgniter.php(480): CodeIgniter\CodeIgniter->runController(Object(App\Controllers\Projekte))
 9 SYSTEMPATH\CodeIgniter.php(349): CodeIgniter\CodeIgniter->handleRequest(null, Object(Config\Cache), false)
10 FCPATH\index.php(67): CodeIgniter\CodeIgniter->run()
CRITICAL - 2022-12-29 17:37:11 --> include(C:\xampp\htdocs\education\codeigniter\app\Views\pages/data/session.php): Failed to open stream: No such file or directory
in APPPATH\Views\pages\aufgaben.php on line 2.
 1 APPPATH\Views\pages\aufgaben.php(2): CodeIgniter\Debug\Exceptions->errorHandler(2, 'include(C:\\xampp\\htdocs\\education\\codeigniter\\app\\Views\\pages/data/session.php): Failed to open stream: No such file or directory', 'APPPATH\\Views\\pages\\aufgaben.php', 2)
 2 APPPATH\Views\pages\aufgaben.php(2): include()
 3 SYSTEMPATH\View\View.php(213): include('APPPATH\\Views\\pages\\aufgaben.php')
 4 SYSTEMPATH\View\View.php(216): CodeIgniter\View\View->CodeIgniter\View\{closure}()
 5 SYSTEMPATH\Common.php(1135): CodeIgniter\View\View->render('pages/aufgaben', [], true)
 6 APPPATH\Controllers\Aufgaben.php(17): view('pages/aufgaben')
 7 SYSTEMPATH\CodeIgniter.php(925): App\Controllers\Aufgaben->index()
 8 SYSTEMPATH\CodeIgniter.php(480): CodeIgniter\CodeIgniter->runController(Object(App\Controllers\Aufgaben))
 9 SYSTEMPATH\CodeIgniter.php(349): CodeIgniter\CodeIgniter->handleRequest(null, Object(Config\Cache), false)
10 FCPATH\index.php(67): CodeIgniter\CodeIgniter->run()
