CRITICAL - 2023-01-24 15:48:36 --> "loginvalidation" is not a validation rules group.
in SYSTEMPATH\Validation\Validation.php on line 619.
 1 SYSTEMPATH\Validation\Validation.php(619): CodeIgniter\Validation\Exceptions\ValidationException::forGroupNotFound('loginvalidation')
 2 SYSTEMPATH\Validation\Validation.php(118): CodeIgniter\Validation\Validation->loadRuleGroup('loginvalidation')
 3 APPPATH\Controllers\Login.php(41): CodeIgniter\Validation\Validation->run([...], 'loginvalidation')
 4 SYSTEMPATH\CodeIgniter.php(934): App\Controllers\Login->login()
 5 SYSTEMPATH\CodeIgniter.php(499): CodeIgniter\CodeIgniter->runController(Object(App\Controllers\Login))
 6 SYSTEMPATH\CodeIgniter.php(368): CodeIgniter\CodeIgniter->handleRequest(null, Object(Config\Cache), false)
 7 FCPATH\index.php(67): CodeIgniter\CodeIgniter->run()
CRITICAL - 2023-01-24 15:48:58 --> "loginvalidation" is not a validation rules group.
in SYSTEMPATH\Validation\Validation.php on line 619.
 1 SYSTEMPATH\Validation\Validation.php(619): CodeIgniter\Validation\Exceptions\ValidationException::forGroupNotFound('loginvalidation')
 2 SYSTEMPATH\Validation\Validation.php(118): CodeIgniter\Validation\Validation->loadRuleGroup('loginvalidation')
 3 APPPATH\Controllers\Login.php(41): CodeIgniter\Validation\Validation->run([...], 'loginvalidation')
 4 SYSTEMPATH\CodeIgniter.php(934): App\Controllers\Login->login()
 5 SYSTEMPATH\CodeIgniter.php(499): CodeIgniter\CodeIgniter->runController(Object(App\Controllers\Login))
 6 SYSTEMPATH\CodeIgniter.php(368): CodeIgniter\CodeIgniter->handleRequest(null, Object(Config\Cache), false)
 7 FCPATH\index.php(67): CodeIgniter\CodeIgniter->run()
ERROR - 2023-01-24 15:52:26 --> Error connecting to the database: mysqli_sql_exception: Access denied for user ''@'localhost' (using password: NO) in C:\xampp\htdocs\CI_education\system\Database\MySQLi\Connection.php:173
Stack trace:
#0 C:\xampp\htdocs\CI_education\system\Database\MySQLi\Connection.php(173): mysqli->real_connect('localhost', '', Object(SensitiveParameterValue), '', 3306, '', 0)
#1 C:\xampp\htdocs\CI_education\system\Database\BaseConnection.php(391): CodeIgniter\Database\MySQLi\Connection->connect(false)
#2 C:\xampp\htdocs\CI_education\system\Database\BaseConnection.php(573): CodeIgniter\Database\BaseConnection->initialize()
#3 C:\xampp\htdocs\CI_education\system\Database\BaseBuilder.php(1602): CodeIgniter\Database\BaseConnection->query('SELECT `passwor...', Array, false)
#4 C:\xampp\htdocs\CI_education\app\Models\MitgliederModel.php(98): CodeIgniter\Database\BaseBuilder->get()
#5 C:\xampp\htdocs\CI_education\app\Controllers\Login.php(33): App\Models\MitgliederModel->loginMitglieder()
#6 C:\xampp\htdocs\CI_education\app\Controllers\Login.php(42): App\Controllers\Login->check_password()
#7 C:\xampp\htdocs\CI_education\system\CodeIgniter.php(934): App\Controllers\Login->login()
#8 C:\xampp\htdocs\CI_education\system\CodeIgniter.php(499): CodeIgniter\CodeIgniter->runController(Object(App\Controllers\Login))
#9 C:\xampp\htdocs\CI_education\system\CodeIgniter.php(368): CodeIgniter\CodeIgniter->handleRequest(NULL, Object(Config\Cache), false)
#10 C:\xampp\htdocs\CI_education\public\index.php(67): CodeIgniter\CodeIgniter->run()
#11 {main}

Next CodeIgniter\Database\Exceptions\DatabaseException: Access denied for user ''@'localhost' (using password: NO) in C:\xampp\htdocs\CI_education\system\Database\MySQLi\Connection.php:218
Stack trace:
#0 C:\xampp\htdocs\CI_education\system\Database\BaseConnection.php(391): CodeIgniter\Database\MySQLi\Connection->connect(false)
#1 C:\xampp\htdocs\CI_education\system\Database\BaseConnection.php(573): CodeIgniter\Database\BaseConnection->initialize()
#2 C:\xampp\htdocs\CI_education\system\Database\BaseBuilder.php(1602): CodeIgniter\Database\BaseConnection->query('SELECT `passwor...', Array, false)
#3 C:\xampp\htdocs\CI_education\app\Models\MitgliederModel.php(98): CodeIgniter\Database\BaseBuilder->get()
#4 C:\xampp\htdocs\CI_education\app\Controllers\Login.php(33): App\Models\MitgliederModel->loginMitglieder()
#5 C:\xampp\htdocs\CI_education\app\Controllers\Login.php(42): App\Controllers\Login->check_password()
#6 C:\xampp\htdocs\CI_education\system\CodeIgniter.php(934): App\Controllers\Login->login()
#7 C:\xampp\htdocs\CI_education\system\CodeIgniter.php(499): CodeIgniter\CodeIgniter->runController(Object(App\Controllers\Login))
#8 C:\xampp\htdocs\CI_education\system\CodeIgniter.php(368): CodeIgniter\CodeIgniter->handleRequest(NULL, Object(Config\Cache), false)
#9 C:\xampp\htdocs\CI_education\public\index.php(67): CodeIgniter\CodeIgniter->run()
#10 {main}
CRITICAL - 2023-01-24 15:52:26 --> Unable to connect to the database.
Main connection [MySQLi]: Access denied for user ''@'localhost' (using password: NO)
in SYSTEMPATH\Database\BaseConnection.php on line 427.
 1 SYSTEMPATH\Database\BaseConnection.php(573): CodeIgniter\Database\BaseConnection->initialize()
 2 SYSTEMPATH\Database\BaseBuilder.php(1602): CodeIgniter\Database\BaseConnection->query('SELECT `passwort`
FROM `mitglieder`
WHERE `mitglieder`.`email` = :mitglieder.email:', [...], false)
 3 APPPATH\Models\MitgliederModel.php(98): CodeIgniter\Database\BaseBuilder->get()
 4 APPPATH\Controllers\Login.php(33): App\Models\MitgliederModel->loginMitglieder()
 5 APPPATH\Controllers\Login.php(42): App\Controllers\Login->check_password()
 6 SYSTEMPATH\CodeIgniter.php(934): App\Controllers\Login->login()
 7 SYSTEMPATH\CodeIgniter.php(499): CodeIgniter\CodeIgniter->runController(Object(App\Controllers\Login))
 8 SYSTEMPATH\CodeIgniter.php(368): CodeIgniter\CodeIgniter->handleRequest(null, Object(Config\Cache), false)
 9 FCPATH\index.php(67): CodeIgniter\CodeIgniter->run()
ERROR - 2023-01-24 15:52:27 --> Error connecting to the database: mysqli_sql_exception: Access denied for user ''@'localhost' (using password: NO) in C:\xampp\htdocs\CI_education\system\Database\MySQLi\Connection.php:173
Stack trace:
#0 C:\xampp\htdocs\CI_education\system\Database\MySQLi\Connection.php(173): mysqli->real_connect('localhost', '', Object(SensitiveParameterValue), '', 3306, '', 0)
#1 C:\xampp\htdocs\CI_education\system\Database\BaseConnection.php(391): CodeIgniter\Database\MySQLi\Connection->connect(false)
#2 C:\xampp\htdocs\CI_education\system\Database\BaseConnection.php(573): CodeIgniter\Database\BaseConnection->initialize()
#3 C:\xampp\htdocs\CI_education\system\Database\BaseBuilder.php(1602): CodeIgniter\Database\BaseConnection->query('SELECT `passwor...', Array, false)
#4 C:\xampp\htdocs\CI_education\app\Models\MitgliederModel.php(98): CodeIgniter\Database\BaseBuilder->get()
#5 C:\xampp\htdocs\CI_education\app\Controllers\Login.php(33): App\Models\MitgliederModel->loginMitglieder()
#6 C:\xampp\htdocs\CI_education\app\Controllers\Login.php(42): App\Controllers\Login->check_password()
#7 C:\xampp\htdocs\CI_education\system\CodeIgniter.php(934): App\Controllers\Login->login()
#8 C:\xampp\htdocs\CI_education\system\CodeIgniter.php(499): CodeIgniter\CodeIgniter->runController(Object(App\Controllers\Login))
#9 C:\xampp\htdocs\CI_education\system\CodeIgniter.php(368): CodeIgniter\CodeIgniter->handleRequest(NULL, Object(Config\Cache), false)
#10 C:\xampp\htdocs\CI_education\public\index.php(67): CodeIgniter\CodeIgniter->run()
#11 {main}

Next CodeIgniter\Database\Exceptions\DatabaseException: Access denied for user ''@'localhost' (using password: NO) in C:\xampp\htdocs\CI_education\system\Database\MySQLi\Connection.php:218
Stack trace:
#0 C:\xampp\htdocs\CI_education\system\Database\BaseConnection.php(391): CodeIgniter\Database\MySQLi\Connection->connect(false)
#1 C:\xampp\htdocs\CI_education\system\Database\BaseConnection.php(573): CodeIgniter\Database\BaseConnection->initialize()
#2 C:\xampp\htdocs\CI_education\system\Database\BaseBuilder.php(1602): CodeIgniter\Database\BaseConnection->query('SELECT `passwor...', Array, false)
#3 C:\xampp\htdocs\CI_education\app\Models\MitgliederModel.php(98): CodeIgniter\Database\BaseBuilder->get()
#4 C:\xampp\htdocs\CI_education\app\Controllers\Login.php(33): App\Models\MitgliederModel->loginMitglieder()
#5 C:\xampp\htdocs\CI_education\app\Controllers\Login.php(42): App\Controllers\Login->check_password()
#6 C:\xampp\htdocs\CI_education\system\CodeIgniter.php(934): App\Controllers\Login->login()
#7 C:\xampp\htdocs\CI_education\system\CodeIgniter.php(499): CodeIgniter\CodeIgniter->runController(Object(App\Controllers\Login))
#8 C:\xampp\htdocs\CI_education\system\CodeIgniter.php(368): CodeIgniter\CodeIgniter->handleRequest(NULL, Object(Config\Cache), false)
#9 C:\xampp\htdocs\CI_education\public\index.php(67): CodeIgniter\CodeIgniter->run()
#10 {main}
CRITICAL - 2023-01-24 15:52:27 --> Unable to connect to the database.
Main connection [MySQLi]: Access denied for user ''@'localhost' (using password: NO)
in SYSTEMPATH\Database\BaseConnection.php on line 427.
 1 SYSTEMPATH\Database\BaseConnection.php(573): CodeIgniter\Database\BaseConnection->initialize()
 2 SYSTEMPATH\Database\BaseBuilder.php(1602): CodeIgniter\Database\BaseConnection->query('SELECT `passwort`
FROM `mitglieder`
WHERE `mitglieder`.`email` = :mitglieder.email:', [...], false)
 3 APPPATH\Models\MitgliederModel.php(98): CodeIgniter\Database\BaseBuilder->get()
 4 APPPATH\Controllers\Login.php(33): App\Models\MitgliederModel->loginMitglieder()
 5 APPPATH\Controllers\Login.php(42): App\Controllers\Login->check_password()
 6 SYSTEMPATH\CodeIgniter.php(934): App\Controllers\Login->login()
 7 SYSTEMPATH\CodeIgniter.php(499): CodeIgniter\CodeIgniter->runController(Object(App\Controllers\Login))
 8 SYSTEMPATH\CodeIgniter.php(368): CodeIgniter\CodeIgniter->handleRequest(null, Object(Config\Cache), false)
 9 FCPATH\index.php(67): CodeIgniter\CodeIgniter->run()
ERROR - 2023-01-24 15:53:20 --> Error connecting to the database: mysqli_sql_exception: Access denied for user 'sql_education_lo'@'localhost' (using password: YES) in C:\xampp\htdocs\CI_education\system\Database\MySQLi\Connection.php:173
Stack trace:
#0 C:\xampp\htdocs\CI_education\system\Database\MySQLi\Connection.php(173): mysqli->real_connect('localhost', 'sql_education_l...', Object(SensitiveParameterValue), 'sql_education_l...', 3306, '', 0)
#1 C:\xampp\htdocs\CI_education\system\Database\BaseConnection.php(391): CodeIgniter\Database\MySQLi\Connection->connect(false)
#2 C:\xampp\htdocs\CI_education\system\Database\BaseConnection.php(573): CodeIgniter\Database\BaseConnection->initialize()
#3 C:\xampp\htdocs\CI_education\system\Database\BaseBuilder.php(1602): CodeIgniter\Database\BaseConnection->query('SELECT `passwor...', Array, false)
#4 C:\xampp\htdocs\CI_education\app\Models\MitgliederModel.php(98): CodeIgniter\Database\BaseBuilder->get()
#5 C:\xampp\htdocs\CI_education\app\Controllers\Login.php(33): App\Models\MitgliederModel->loginMitglieder()
#6 C:\xampp\htdocs\CI_education\app\Controllers\Login.php(42): App\Controllers\Login->check_password()
#7 C:\xampp\htdocs\CI_education\system\CodeIgniter.php(934): App\Controllers\Login->login()
#8 C:\xampp\htdocs\CI_education\system\CodeIgniter.php(499): CodeIgniter\CodeIgniter->runController(Object(App\Controllers\Login))
#9 C:\xampp\htdocs\CI_education\system\CodeIgniter.php(368): CodeIgniter\CodeIgniter->handleRequest(NULL, Object(Config\Cache), false)
#10 C:\xampp\htdocs\CI_education\public\index.php(67): CodeIgniter\CodeIgniter->run()
#11 {main}

Next CodeIgniter\Database\Exceptions\DatabaseException: Access denied for user '****'@'localhost' (using password: YES) in C:\xampp\htdocs\CI_education\system\Database\MySQLi\Connection.php:218
Stack trace:
#0 C:\xampp\htdocs\CI_education\system\Database\BaseConnection.php(391): CodeIgniter\Database\MySQLi\Connection->connect(false)
#1 C:\xampp\htdocs\CI_education\system\Database\BaseConnection.php(573): CodeIgniter\Database\BaseConnection->initialize()
#2 C:\xampp\htdocs\CI_education\system\Database\BaseBuilder.php(1602): CodeIgniter\Database\BaseConnection->query('SELECT `passwor...', Array, false)
#3 C:\xampp\htdocs\CI_education\app\Models\MitgliederModel.php(98): CodeIgniter\Database\BaseBuilder->get()
#4 C:\xampp\htdocs\CI_education\app\Controllers\Login.php(33): App\Models\MitgliederModel->loginMitglieder()
#5 C:\xampp\htdocs\CI_education\app\Controllers\Login.php(42): App\Controllers\Login->check_password()
#6 C:\xampp\htdocs\CI_education\system\CodeIgniter.php(934): App\Controllers\Login->login()
#7 C:\xampp\htdocs\CI_education\system\CodeIgniter.php(499): CodeIgniter\CodeIgniter->runController(Object(App\Controllers\Login))
#8 C:\xampp\htdocs\CI_education\system\CodeIgniter.php(368): CodeIgniter\CodeIgniter->handleRequest(NULL, Object(Config\Cache), false)
#9 C:\xampp\htdocs\CI_education\public\index.php(67): CodeIgniter\CodeIgniter->run()
#10 {main}
CRITICAL - 2023-01-24 15:53:20 --> Unable to connect to the database.
Main connection [MySQLi]: Access denied for user '****'@'localhost' (using password: YES)
in SYSTEMPATH\Database\BaseConnection.php on line 427.
 1 SYSTEMPATH\Database\BaseConnection.php(573): CodeIgniter\Database\BaseConnection->initialize()
 2 SYSTEMPATH\Database\BaseBuilder.php(1602): CodeIgniter\Database\BaseConnection->query('SELECT `passwort`
FROM `mitglieder`
WHERE `mitglieder`.`email` = :mitglieder.email:', [...], false)
 3 APPPATH\Models\MitgliederModel.php(98): CodeIgniter\Database\BaseBuilder->get()
 4 APPPATH\Controllers\Login.php(33): App\Models\MitgliederModel->loginMitglieder()
 5 APPPATH\Controllers\Login.php(42): App\Controllers\Login->check_password()
 6 SYSTEMPATH\CodeIgniter.php(934): App\Controllers\Login->login()
 7 SYSTEMPATH\CodeIgniter.php(499): CodeIgniter\CodeIgniter->runController(Object(App\Controllers\Login))
 8 SYSTEMPATH\CodeIgniter.php(368): CodeIgniter\CodeIgniter->handleRequest(null, Object(Config\Cache), false)
 9 FCPATH\index.php(67): CodeIgniter\CodeIgniter->run()
ERROR - 2023-01-24 15:53:34 --> Error connecting to the database: mysqli_sql_exception: Host '042-128-067-156.ip-addr.inexio.net' is not allowed to connect to this MySQL server in C:\xampp\htdocs\CI_education\system\Database\MySQLi\Connection.php:173
Stack trace:
#0 C:\xampp\htdocs\CI_education\system\Database\MySQLi\Connection.php(173): mysqli->real_connect('loosen-it.de', 'sql_education_l...', Object(SensitiveParameterValue), 'sql_education_l...', 3306, '', 0)
#1 C:\xampp\htdocs\CI_education\system\Database\BaseConnection.php(391): CodeIgniter\Database\MySQLi\Connection->connect(false)
#2 C:\xampp\htdocs\CI_education\system\Database\BaseConnection.php(573): CodeIgniter\Database\BaseConnection->initialize()
#3 C:\xampp\htdocs\CI_education\system\Database\BaseBuilder.php(1602): CodeIgniter\Database\BaseConnection->query('SELECT `passwor...', Array, false)
#4 C:\xampp\htdocs\CI_education\app\Models\MitgliederModel.php(98): CodeIgniter\Database\BaseBuilder->get()
#5 C:\xampp\htdocs\CI_education\app\Controllers\Login.php(33): App\Models\MitgliederModel->loginMitglieder()
#6 C:\xampp\htdocs\CI_education\app\Controllers\Login.php(42): App\Controllers\Login->check_password()
#7 C:\xampp\htdocs\CI_education\system\CodeIgniter.php(934): App\Controllers\Login->login()
#8 C:\xampp\htdocs\CI_education\system\CodeIgniter.php(499): CodeIgniter\CodeIgniter->runController(Object(App\Controllers\Login))
#9 C:\xampp\htdocs\CI_education\system\CodeIgniter.php(368): CodeIgniter\CodeIgniter->handleRequest(NULL, Object(Config\Cache), false)
#10 C:\xampp\htdocs\CI_education\public\index.php(67): CodeIgniter\CodeIgniter->run()
#11 {main}

Next CodeIgniter\Database\Exceptions\DatabaseException: Host '042-128-067-156.ip-addr.inexio.net' is not allowed to connect to this MySQL server in C:\xampp\htdocs\CI_education\system\Database\MySQLi\Connection.php:218
Stack trace:
#0 C:\xampp\htdocs\CI_education\system\Database\BaseConnection.php(391): CodeIgniter\Database\MySQLi\Connection->connect(false)
#1 C:\xampp\htdocs\CI_education\system\Database\BaseConnection.php(573): CodeIgniter\Database\BaseConnection->initialize()
#2 C:\xampp\htdocs\CI_education\system\Database\BaseBuilder.php(1602): CodeIgniter\Database\BaseConnection->query('SELECT `passwor...', Array, false)
#3 C:\xampp\htdocs\CI_education\app\Models\MitgliederModel.php(98): CodeIgniter\Database\BaseBuilder->get()
#4 C:\xampp\htdocs\CI_education\app\Controllers\Login.php(33): App\Models\MitgliederModel->loginMitglieder()
#5 C:\xampp\htdocs\CI_education\app\Controllers\Login.php(42): App\Controllers\Login->check_password()
#6 C:\xampp\htdocs\CI_education\system\CodeIgniter.php(934): App\Controllers\Login->login()
#7 C:\xampp\htdocs\CI_education\system\CodeIgniter.php(499): CodeIgniter\CodeIgniter->runController(Object(App\Controllers\Login))
#8 C:\xampp\htdocs\CI_education\system\CodeIgniter.php(368): CodeIgniter\CodeIgniter->handleRequest(NULL, Object(Config\Cache), false)
#9 C:\xampp\htdocs\CI_education\public\index.php(67): CodeIgniter\CodeIgniter->run()
#10 {main}
CRITICAL - 2023-01-24 15:53:34 --> Unable to connect to the database.
Main connection [MySQLi]: Host '042-128-067-156.ip-addr.inexio.net' is not allowed to connect to this MySQL server
in SYSTEMPATH\Database\BaseConnection.php on line 427.
 1 SYSTEMPATH\Database\BaseConnection.php(573): CodeIgniter\Database\BaseConnection->initialize()
 2 SYSTEMPATH\Database\BaseBuilder.php(1602): CodeIgniter\Database\BaseConnection->query('SELECT `passwort`
FROM `mitglieder`
WHERE `mitglieder`.`email` = :mitglieder.email:', [...], false)
 3 APPPATH\Models\MitgliederModel.php(98): CodeIgniter\Database\BaseBuilder->get()
 4 APPPATH\Controllers\Login.php(33): App\Models\MitgliederModel->loginMitglieder()
 5 APPPATH\Controllers\Login.php(42): App\Controllers\Login->check_password()
 6 SYSTEMPATH\CodeIgniter.php(934): App\Controllers\Login->login()
 7 SYSTEMPATH\CodeIgniter.php(499): CodeIgniter\CodeIgniter->runController(Object(App\Controllers\Login))
 8 SYSTEMPATH\CodeIgniter.php(368): CodeIgniter\CodeIgniter->handleRequest(null, Object(Config\Cache), false)
 9 FCPATH\index.php(67): CodeIgniter\CodeIgniter->run()
ERROR - 2023-01-24 15:54:03 --> mysqli_sql_exception: Table 'sql_education_lo.mitglieder' doesn't exist in C:\xampp\htdocs\CI_education\system\Database\MySQLi\Connection.php:295
Stack trace:
#0 C:\xampp\htdocs\CI_education\system\Database\MySQLi\Connection.php(295): mysqli->query('SELECT `passwor...', 0)
#1 C:\xampp\htdocs\CI_education\system\Database\BaseConnection.php(691): CodeIgniter\Database\MySQLi\Connection->execute('SELECT `passwor...')
#2 C:\xampp\htdocs\CI_education\system\Database\BaseConnection.php(605): CodeIgniter\Database\BaseConnection->simpleQuery('SELECT `passwor...')
#3 C:\xampp\htdocs\CI_education\system\Database\BaseBuilder.php(1602): CodeIgniter\Database\BaseConnection->query('SELECT `passwor...', Array, false)
#4 C:\xampp\htdocs\CI_education\app\Models\MitgliederModel.php(98): CodeIgniter\Database\BaseBuilder->get()
#5 C:\xampp\htdocs\CI_education\app\Controllers\Login.php(33): App\Models\MitgliederModel->loginMitglieder()
#6 C:\xampp\htdocs\CI_education\app\Controllers\Login.php(42): App\Controllers\Login->check_password()
#7 C:\xampp\htdocs\CI_education\system\CodeIgniter.php(934): App\Controllers\Login->login()
#8 C:\xampp\htdocs\CI_education\system\CodeIgniter.php(499): CodeIgniter\CodeIgniter->runController(Object(App\Controllers\Login))
#9 C:\xampp\htdocs\CI_education\system\CodeIgniter.php(368): CodeIgniter\CodeIgniter->handleRequest(NULL, Object(Config\Cache), false)
#10 C:\xampp\htdocs\CI_education\public\index.php(67): CodeIgniter\CodeIgniter->run()
#11 {main}
CRITICAL - 2023-01-24 15:54:03 --> Table 'sql_education_lo.mitglieder' doesn't exist
in SYSTEMPATH\Database\BaseConnection.php on line 645.
 1 SYSTEMPATH\Database\BaseBuilder.php(1602): CodeIgniter\Database\BaseConnection->query('SELECT `passwort`
FROM `mitglieder`
WHERE `mitglieder`.`email` = :mitglieder.email:', [...], false)
 2 APPPATH\Models\MitgliederModel.php(98): CodeIgniter\Database\BaseBuilder->get()
 3 APPPATH\Controllers\Login.php(33): App\Models\MitgliederModel->loginMitglieder()
 4 APPPATH\Controllers\Login.php(42): App\Controllers\Login->check_password()
 5 SYSTEMPATH\CodeIgniter.php(934): App\Controllers\Login->login()
 6 SYSTEMPATH\CodeIgniter.php(499): CodeIgniter\CodeIgniter->runController(Object(App\Controllers\Login))
 7 SYSTEMPATH\CodeIgniter.php(368): CodeIgniter\CodeIgniter->handleRequest(null, Object(Config\Cache), false)
 8 FCPATH\index.php(67): CodeIgniter\CodeIgniter->run()
ERROR - 2023-01-24 16:10:01 --> Error connecting to the database: mysqli_sql_exception: Access denied for user 'sql_education_lo'@'042-128-067-156.ip-addr.inexio.net' (using password: YES) in C:\xampp\htdocs\CI_education\system\Database\MySQLi\Connection.php:173
Stack trace:
#0 C:\xampp\htdocs\CI_education\system\Database\MySQLi\Connection.php(173): mysqli->real_connect('loosen-it.de', 'sql_education_l...', Object(SensitiveParameterValue), 'sql_education_l...', 3306, '', 0)
#1 C:\xampp\htdocs\CI_education\system\Database\BaseConnection.php(391): CodeIgniter\Database\MySQLi\Connection->connect(false)
#2 C:\xampp\htdocs\CI_education\system\Database\BaseConnection.php(573): CodeIgniter\Database\BaseConnection->initialize()
#3 C:\xampp\htdocs\CI_education\system\Database\BaseBuilder.php(1602): CodeIgniter\Database\BaseConnection->query('SELECT `passwor...', Array, false)
#4 C:\xampp\htdocs\CI_education\app\Models\MitgliederModel.php(98): CodeIgniter\Database\BaseBuilder->get()
#5 C:\xampp\htdocs\CI_education\app\Controllers\Login.php(33): App\Models\MitgliederModel->loginMitglieder()
#6 C:\xampp\htdocs\CI_education\app\Controllers\Login.php(42): App\Controllers\Login->check_password()
#7 C:\xampp\htdocs\CI_education\system\CodeIgniter.php(934): App\Controllers\Login->login()
#8 C:\xampp\htdocs\CI_education\system\CodeIgniter.php(499): CodeIgniter\CodeIgniter->runController(Object(App\Controllers\Login))
#9 C:\xampp\htdocs\CI_education\system\CodeIgniter.php(368): CodeIgniter\CodeIgniter->handleRequest(NULL, Object(Config\Cache), false)
#10 C:\xampp\htdocs\CI_education\public\index.php(67): CodeIgniter\CodeIgniter->run()
#11 {main}

Next CodeIgniter\Database\Exceptions\DatabaseException: Access denied for user '****'@'042-128-067-156.ip-addr.inexio.net' (using password: YES) in C:\xampp\htdocs\CI_education\system\Database\MySQLi\Connection.php:218
Stack trace:
#0 C:\xampp\htdocs\CI_education\system\Database\BaseConnection.php(391): CodeIgniter\Database\MySQLi\Connection->connect(false)
#1 C:\xampp\htdocs\CI_education\system\Database\BaseConnection.php(573): CodeIgniter\Database\BaseConnection->initialize()
#2 C:\xampp\htdocs\CI_education\system\Database\BaseBuilder.php(1602): CodeIgniter\Database\BaseConnection->query('SELECT `passwor...', Array, false)
#3 C:\xampp\htdocs\CI_education\app\Models\MitgliederModel.php(98): CodeIgniter\Database\BaseBuilder->get()
#4 C:\xampp\htdocs\CI_education\app\Controllers\Login.php(33): App\Models\MitgliederModel->loginMitglieder()
#5 C:\xampp\htdocs\CI_education\app\Controllers\Login.php(42): App\Controllers\Login->check_password()
#6 C:\xampp\htdocs\CI_education\system\CodeIgniter.php(934): App\Controllers\Login->login()
#7 C:\xampp\htdocs\CI_education\system\CodeIgniter.php(499): CodeIgniter\CodeIgniter->runController(Object(App\Controllers\Login))
#8 C:\xampp\htdocs\CI_education\system\CodeIgniter.php(368): CodeIgniter\CodeIgniter->handleRequest(NULL, Object(Config\Cache), false)
#9 C:\xampp\htdocs\CI_education\public\index.php(67): CodeIgniter\CodeIgniter->run()
#10 {main}
CRITICAL - 2023-01-24 16:10:01 --> Unable to connect to the database.
Main connection [MySQLi]: Access denied for user '****'@'042-128-067-156.ip-addr.inexio.net' (using password: YES)
in SYSTEMPATH\Database\BaseConnection.php on line 427.
 1 SYSTEMPATH\Database\BaseConnection.php(573): CodeIgniter\Database\BaseConnection->initialize()
 2 SYSTEMPATH\Database\BaseBuilder.php(1602): CodeIgniter\Database\BaseConnection->query('SELECT `passwort`
FROM `mitglieder`
WHERE `mitglieder`.`email` = :mitglieder.email:', [...], false)
 3 APPPATH\Models\MitgliederModel.php(98): CodeIgniter\Database\BaseBuilder->get()
 4 APPPATH\Controllers\Login.php(33): App\Models\MitgliederModel->loginMitglieder()
 5 APPPATH\Controllers\Login.php(42): App\Controllers\Login->check_password()
 6 SYSTEMPATH\CodeIgniter.php(934): App\Controllers\Login->login()
 7 SYSTEMPATH\CodeIgniter.php(499): CodeIgniter\CodeIgniter->runController(Object(App\Controllers\Login))
 8 SYSTEMPATH\CodeIgniter.php(368): CodeIgniter\CodeIgniter->handleRequest(null, Object(Config\Cache), false)
 9 FCPATH\index.php(67): CodeIgniter\CodeIgniter->run()
WARNING - 2023-01-24 16:26:54 --> [DEPRECATED] Creation of dynamic property App\Controllers\Debugging::$validation is deprecated in APPPATH\Controllers\BaseController.php on line 50.
 1 SYSTEMPATH\CodeIgniter.php(907): App\Controllers\BaseController->initController(Object(CodeIgniter\HTTP\IncomingRequest), Object(CodeIgniter\HTTP\Response), Object(CodeIgniter\Log\Logger))
 2 SYSTEMPATH\CodeIgniter.php(490): CodeIgniter\CodeIgniter->createController()
 3 SYSTEMPATH\CodeIgniter.php(368): CodeIgniter\CodeIgniter->handleRequest(null, Object(Config\Cache), false)
 4 FCPATH\index.php(67): CodeIgniter\CodeIgniter->run()
WARNING - 2023-01-24 16:28:05 --> [DEPRECATED] Creation of dynamic property App\Controllers\Debugging::$validation is deprecated in APPPATH\Controllers\BaseController.php on line 50.
 1 SYSTEMPATH\CodeIgniter.php(907): App\Controllers\BaseController->initController(Object(CodeIgniter\HTTP\IncomingRequest), Object(CodeIgniter\HTTP\Response), Object(CodeIgniter\Log\Logger))
 2 SYSTEMPATH\CodeIgniter.php(490): CodeIgniter\CodeIgniter->createController()
 3 SYSTEMPATH\CodeIgniter.php(368): CodeIgniter\CodeIgniter->handleRequest(null, Object(Config\Cache), false)
 4 FCPATH\index.php(67): CodeIgniter\CodeIgniter->run()
CRITICAL - 2023-01-24 16:32:04 --> Undefined array key "name"
in APPPATH\Controllers\Home.php on line 48.
 1 APPPATH\Controllers\Home.php(48): CodeIgniter\Debug\Exceptions->errorHandler(2, 'Undefined array key "name"', 'APPPATH\\Controllers\\Home.php', 48)
 2 SYSTEMPATH\CodeIgniter.php(934): App\Controllers\Home->index()
 3 SYSTEMPATH\CodeIgniter.php(499): CodeIgniter\CodeIgniter->runController(Object(App\Controllers\Home))
 4 SYSTEMPATH\CodeIgniter.php(368): CodeIgniter\CodeIgniter->handleRequest(null, Object(Config\Cache), false)
 5 FCPATH\index.php(67): CodeIgniter\CodeIgniter->run()
CRITICAL - 2023-01-24 16:34:48 --> Undefined array key "name"
in APPPATH\Controllers\Home.php on line 48.
 1 APPPATH\Controllers\Home.php(48): CodeIgniter\Debug\Exceptions->errorHandler(2, 'Undefined array key "name"', 'APPPATH\\Controllers\\Home.php', 48)
 2 SYSTEMPATH\CodeIgniter.php(934): App\Controllers\Home->index()
 3 SYSTEMPATH\CodeIgniter.php(499): CodeIgniter\CodeIgniter->runController(Object(App\Controllers\Home))
 4 SYSTEMPATH\CodeIgniter.php(368): CodeIgniter\CodeIgniter->handleRequest(null, Object(Config\Cache), false)
 5 FCPATH\index.php(67): CodeIgniter\CodeIgniter->run()
CRITICAL - 2023-01-24 16:39:20 --> Undefined constant "App\Controllers\this"
in APPPATH\Controllers\Login.php on line 43.
 1 SYSTEMPATH\CodeIgniter.php(934): App\Controllers\Login->login()
 2 SYSTEMPATH\CodeIgniter.php(499): CodeIgniter\CodeIgniter->runController(Object(App\Controllers\Login))
 3 SYSTEMPATH\CodeIgniter.php(368): CodeIgniter\CodeIgniter->handleRequest(null, Object(Config\Cache), false)
 4 FCPATH\index.php(67): CodeIgniter\CodeIgniter->run()
CRITICAL - 2023-01-24 16:43:31 --> Trying to access array offset on value of type null
in APPPATH\Views\templates\sidebar.php on line 15.
 1 APPPATH\Views\templates\sidebar.php(15): CodeIgniter\Debug\Exceptions->errorHandler(2, 'Trying to access array offset on value of type null', 'APPPATH\\Views\\templates\\sidebar.php', 15)
 2 SYSTEMPATH\View\View.php(213): include('APPPATH\\Views\\templates\\sidebar.php')
 3 SYSTEMPATH\View\View.php(216): CodeIgniter\View\View->CodeIgniter\View\{closure}()
 4 SYSTEMPATH\Common.php(1177): CodeIgniter\View\View->render('templates/sidebar', [], true)
 5 APPPATH\Views\pages\uebersicht.php(3): view('templates/sidebar')
 6 SYSTEMPATH\View\View.php(213): include('APPPATH\\Views\\pages\\uebersicht.php')
 7 SYSTEMPATH\View\View.php(216): CodeIgniter\View\View->CodeIgniter\View\{closure}()
 8 SYSTEMPATH\Common.php(1177): CodeIgniter\View\View->render('pages/uebersicht', [], true)
 9 APPPATH\Controllers\Home.php(62): view('pages/uebersicht', [...])
10 SYSTEMPATH\CodeIgniter.php(934): App\Controllers\Home->index()
11 SYSTEMPATH\CodeIgniter.php(499): CodeIgniter\CodeIgniter->runController(Object(App\Controllers\Home))
12 SYSTEMPATH\CodeIgniter.php(368): CodeIgniter\CodeIgniter->handleRequest(null, Object(Config\Cache), false)
13 FCPATH\index.php(67): CodeIgniter\CodeIgniter->run()
CRITICAL - 2023-01-24 16:44:56 --> Trying to access array offset on value of type null
in APPPATH\Views\templates\sidebar.php on line 15.
 1 APPPATH\Views\templates\sidebar.php(15): CodeIgniter\Debug\Exceptions->errorHandler(2, 'Trying to access array offset on value of type null', 'APPPATH\\Views\\templates\\sidebar.php', 15)
 2 SYSTEMPATH\View\View.php(213): include('APPPATH\\Views\\templates\\sidebar.php')
 3 SYSTEMPATH\View\View.php(216): CodeIgniter\View\View->CodeIgniter\View\{closure}()
 4 SYSTEMPATH\Common.php(1177): CodeIgniter\View\View->render('templates/sidebar', [], true)
 5 APPPATH\Views\pages\uebersicht.php(3): view('templates/sidebar')
 6 SYSTEMPATH\View\View.php(213): include('APPPATH\\Views\\pages\\uebersicht.php')
 7 SYSTEMPATH\View\View.php(216): CodeIgniter\View\View->CodeIgniter\View\{closure}()
 8 SYSTEMPATH\Common.php(1177): CodeIgniter\View\View->render('pages/uebersicht', [], true)
 9 APPPATH\Controllers\Home.php(62): view('pages/uebersicht', [...])
10 SYSTEMPATH\CodeIgniter.php(934): App\Controllers\Home->index()
11 SYSTEMPATH\CodeIgniter.php(499): CodeIgniter\CodeIgniter->runController(Object(App\Controllers\Home))
12 SYSTEMPATH\CodeIgniter.php(368): CodeIgniter\CodeIgniter->handleRequest(null, Object(Config\Cache), false)
13 FCPATH\index.php(67): CodeIgniter\CodeIgniter->run()
CRITICAL - 2023-01-24 16:45:35 --> Trying to access array offset on value of type null
in APPPATH\Views\pages\projekte.php on line 41.
 1 APPPATH\Views\pages\projekte.php(41): CodeIgniter\Debug\Exceptions->errorHandler(2, 'Trying to access array offset on value of type null', 'APPPATH\\Views\\pages\\projekte.php', 41)
 2 SYSTEMPATH\View\View.php(213): include('APPPATH\\Views\\pages\\projekte.php')
 3 SYSTEMPATH\View\View.php(216): CodeIgniter\View\View->CodeIgniter\View\{closure}()
 4 SYSTEMPATH\Common.php(1177): CodeIgniter\View\View->render('pages/projekte', [], true)
 5 APPPATH\Controllers\Projekte.php(33): view('pages/projekte')
 6 SYSTEMPATH\CodeIgniter.php(934): App\Controllers\Projekte->index()
 7 SYSTEMPATH\CodeIgniter.php(499): CodeIgniter\CodeIgniter->runController(Object(App\Controllers\Projekte))
 8 SYSTEMPATH\CodeIgniter.php(368): CodeIgniter\CodeIgniter->handleRequest(null, Object(Config\Cache), false)
 9 FCPATH\index.php(67): CodeIgniter\CodeIgniter->run()
CRITICAL - 2023-01-24 16:46:30 --> Trying to access array offset on value of type null
in APPPATH\Controllers\Home.php on line 45.
 1 APPPATH\Controllers\Home.php(45): CodeIgniter\Debug\Exceptions->errorHandler(2, 'Trying to access array offset on value of type null', 'APPPATH\\Controllers\\Home.php', 45)
 2 SYSTEMPATH\CodeIgniter.php(934): App\Controllers\Home->index()
 3 SYSTEMPATH\CodeIgniter.php(499): CodeIgniter\CodeIgniter->runController(Object(App\Controllers\Home))
 4 SYSTEMPATH\CodeIgniter.php(368): CodeIgniter\CodeIgniter->handleRequest(null, Object(Config\Cache), false)
 5 FCPATH\index.php(67): CodeIgniter\CodeIgniter->run()
CRITICAL - 2023-01-24 16:47:03 --> Trying to access array offset on value of type null
in APPPATH\Views\pages\projekte.php on line 41.
 1 APPPATH\Views\pages\projekte.php(41): CodeIgniter\Debug\Exceptions->errorHandler(2, 'Trying to access array offset on value of type null', 'APPPATH\\Views\\pages\\projekte.php', 41)
 2 SYSTEMPATH\View\View.php(213): include('APPPATH\\Views\\pages\\projekte.php')
 3 SYSTEMPATH\View\View.php(216): CodeIgniter\View\View->CodeIgniter\View\{closure}()
 4 SYSTEMPATH\Common.php(1177): CodeIgniter\View\View->render('pages/projekte', [], true)
 5 APPPATH\Controllers\Projekte.php(33): view('pages/projekte')
 6 SYSTEMPATH\CodeIgniter.php(934): App\Controllers\Projekte->index()
 7 SYSTEMPATH\CodeIgniter.php(499): CodeIgniter\CodeIgniter->runController(Object(App\Controllers\Projekte))
 8 SYSTEMPATH\CodeIgniter.php(368): CodeIgniter\CodeIgniter->handleRequest(null, Object(Config\Cache), false)
 9 FCPATH\index.php(67): CodeIgniter\CodeIgniter->run()
CRITICAL - 2023-01-24 16:47:04 --> Trying to access array offset on value of type null
in APPPATH\Views\pages\projekte.php on line 41.
 1 APPPATH\Views\pages\projekte.php(41): CodeIgniter\Debug\Exceptions->errorHandler(2, 'Trying to access array offset on value of type null', 'APPPATH\\Views\\pages\\projekte.php', 41)
 2 SYSTEMPATH\View\View.php(213): include('APPPATH\\Views\\pages\\projekte.php')
 3 SYSTEMPATH\View\View.php(216): CodeIgniter\View\View->CodeIgniter\View\{closure}()
 4 SYSTEMPATH\Common.php(1177): CodeIgniter\View\View->render('pages/projekte', [], true)
 5 APPPATH\Controllers\Projekte.php(33): view('pages/projekte')
 6 SYSTEMPATH\CodeIgniter.php(934): App\Controllers\Projekte->index()
 7 SYSTEMPATH\CodeIgniter.php(499): CodeIgniter\CodeIgniter->runController(Object(App\Controllers\Projekte))
 8 SYSTEMPATH\CodeIgniter.php(368): CodeIgniter\CodeIgniter->handleRequest(null, Object(Config\Cache), false)
 9 FCPATH\index.php(67): CodeIgniter\CodeIgniter->run()
CRITICAL - 2023-01-24 16:47:15 --> Trying to access array offset on value of type null
in APPPATH\Views\pages\projekte.php on line 41.
 1 APPPATH\Views\pages\projekte.php(41): CodeIgniter\Debug\Exceptions->errorHandler(2, 'Trying to access array offset on value of type null', 'APPPATH\\Views\\pages\\projekte.php', 41)
 2 SYSTEMPATH\View\View.php(213): include('APPPATH\\Views\\pages\\projekte.php')
 3 SYSTEMPATH\View\View.php(216): CodeIgniter\View\View->CodeIgniter\View\{closure}()
 4 SYSTEMPATH\Common.php(1177): CodeIgniter\View\View->render('pages/projekte', [], true)
 5 APPPATH\Controllers\Projekte.php(33): view('pages/projekte')
 6 SYSTEMPATH\CodeIgniter.php(934): App\Controllers\Projekte->index()
 7 SYSTEMPATH\CodeIgniter.php(499): CodeIgniter\CodeIgniter->runController(Object(App\Controllers\Projekte))
 8 SYSTEMPATH\CodeIgniter.php(368): CodeIgniter\CodeIgniter->handleRequest(null, Object(Config\Cache), false)
 9 FCPATH\index.php(67): CodeIgniter\CodeIgniter->run()
CRITICAL - 2023-01-24 16:48:03 --> Trying to access array offset on value of type null
in APPPATH\Views\pages\projekte.php on line 41.
 1 APPPATH\Views\pages\projekte.php(41): CodeIgniter\Debug\Exceptions->errorHandler(2, 'Trying to access array offset on value of type null', 'APPPATH\\Views\\pages\\projekte.php', 41)
 2 SYSTEMPATH\View\View.php(213): include('APPPATH\\Views\\pages\\projekte.php')
 3 SYSTEMPATH\View\View.php(216): CodeIgniter\View\View->CodeIgniter\View\{closure}()
 4 SYSTEMPATH\Common.php(1177): CodeIgniter\View\View->render('pages/projekte', [], true)
 5 APPPATH\Controllers\Projekte.php(33): view('pages/projekte')
 6 SYSTEMPATH\CodeIgniter.php(934): App\Controllers\Projekte->index()
 7 SYSTEMPATH\CodeIgniter.php(499): CodeIgniter\CodeIgniter->runController(Object(App\Controllers\Projekte))
 8 SYSTEMPATH\CodeIgniter.php(368): CodeIgniter\CodeIgniter->handleRequest(null, Object(Config\Cache), false)
 9 FCPATH\index.php(67): CodeIgniter\CodeIgniter->run()
CRITICAL - 2023-01-24 16:48:26 --> Trying to access array offset on value of type null
in APPPATH\Views\pages\projekte.php on line 41.
 1 APPPATH\Views\pages\projekte.php(41): CodeIgniter\Debug\Exceptions->errorHandler(2, 'Trying to access array offset on value of type null', 'APPPATH\\Views\\pages\\projekte.php', 41)
 2 SYSTEMPATH\View\View.php(213): include('APPPATH\\Views\\pages\\projekte.php')
 3 SYSTEMPATH\View\View.php(216): CodeIgniter\View\View->CodeIgniter\View\{closure}()
 4 SYSTEMPATH\Common.php(1177): CodeIgniter\View\View->render('pages/projekte', [], true)
 5 APPPATH\Controllers\Projekte.php(33): view('pages/projekte')
 6 SYSTEMPATH\CodeIgniter.php(934): App\Controllers\Projekte->index()
 7 SYSTEMPATH\CodeIgniter.php(499): CodeIgniter\CodeIgniter->runController(Object(App\Controllers\Projekte))
 8 SYSTEMPATH\CodeIgniter.php(368): CodeIgniter\CodeIgniter->handleRequest(null, Object(Config\Cache), false)
 9 FCPATH\index.php(67): CodeIgniter\CodeIgniter->run()
CRITICAL - 2023-01-24 16:53:05 --> Trying to access array offset on value of type null
in APPPATH\Views\pages\projekte.php on line 41.
 1 APPPATH\Views\pages\projekte.php(41): CodeIgniter\Debug\Exceptions->errorHandler(2, 'Trying to access array offset on value of type null', 'APPPATH\\Views\\pages\\projekte.php', 41)
 2 SYSTEMPATH\View\View.php(213): include('APPPATH\\Views\\pages\\projekte.php')
 3 SYSTEMPATH\View\View.php(216): CodeIgniter\View\View->CodeIgniter\View\{closure}()
 4 SYSTEMPATH\Common.php(1177): CodeIgniter\View\View->render('pages/projekte', [], true)
 5 APPPATH\Controllers\Projekte.php(33): view('pages/projekte')
 6 SYSTEMPATH\CodeIgniter.php(934): App\Controllers\Projekte->index()
 7 SYSTEMPATH\CodeIgniter.php(499): CodeIgniter\CodeIgniter->runController(Object(App\Controllers\Projekte))
 8 SYSTEMPATH\CodeIgniter.php(368): CodeIgniter\CodeIgniter->handleRequest(null, Object(Config\Cache), false)
 9 FCPATH\index.php(67): CodeIgniter\CodeIgniter->run()
CRITICAL - 2023-01-24 16:53:19 --> syntax error, unexpected token "*"
in APPPATH\Controllers\Login.php on line 54.
 1 SYSTEMPATH\Autoloader\Autoloader.php(289): CodeIgniter\Autoloader\Autoloader->includeFile('APPPATH\\Controllers\\Login.php')
 2 SYSTEMPATH\Autoloader\Autoloader.php(267): CodeIgniter\Autoloader\Autoloader->loadInNamespace('App\\Controllers\\Login')
 3 [internal function]: CodeIgniter\Autoloader\Autoloader->loadClass('App\\Controllers\\Login')
 4 SYSTEMPATH\CodeIgniter.php(892): class_exists('\\App\\Controllers\\Login', true)
 5 SYSTEMPATH\CodeIgniter.php(486): CodeIgniter\CodeIgniter->startController()
 6 SYSTEMPATH\CodeIgniter.php(368): CodeIgniter\CodeIgniter->handleRequest(null, Object(Config\Cache), false)
 7 FCPATH\index.php(67): CodeIgniter\CodeIgniter->run()
CRITICAL - 2023-01-24 16:53:23 --> syntax error, unexpected token "*"
in APPPATH\Controllers\Login.php on line 54.
 1 SYSTEMPATH\Autoloader\Autoloader.php(289): CodeIgniter\Autoloader\Autoloader->includeFile('APPPATH\\Controllers\\Login.php')
 2 SYSTEMPATH\Autoloader\Autoloader.php(267): CodeIgniter\Autoloader\Autoloader->loadInNamespace('App\\Controllers\\Login')
 3 [internal function]: CodeIgniter\Autoloader\Autoloader->loadClass('App\\Controllers\\Login')
 4 SYSTEMPATH\CodeIgniter.php(892): class_exists('\\App\\Controllers\\Login', true)
 5 SYSTEMPATH\CodeIgniter.php(486): CodeIgniter\CodeIgniter->startController()
 6 SYSTEMPATH\CodeIgniter.php(368): CodeIgniter\CodeIgniter->handleRequest(null, Object(Config\Cache), false)
 7 FCPATH\index.php(67): CodeIgniter\CodeIgniter->run()
CRITICAL - 2023-01-24 16:54:54 --> Trying to access array offset on value of type null
in APPPATH\Views\pages\projekte.php on line 41.
 1 APPPATH\Views\pages\projekte.php(41): CodeIgniter\Debug\Exceptions->errorHandler(2, 'Trying to access array offset on value of type null', 'APPPATH\\Views\\pages\\projekte.php', 41)
 2 SYSTEMPATH\View\View.php(213): include('APPPATH\\Views\\pages\\projekte.php')
 3 SYSTEMPATH\View\View.php(216): CodeIgniter\View\View->CodeIgniter\View\{closure}()
 4 SYSTEMPATH\Common.php(1177): CodeIgniter\View\View->render('pages/projekte', [], true)
 5 APPPATH\Controllers\Projekte.php(33): view('pages/projekte')
 6 SYSTEMPATH\CodeIgniter.php(934): App\Controllers\Projekte->index()
 7 SYSTEMPATH\CodeIgniter.php(499): CodeIgniter\CodeIgniter->runController(Object(App\Controllers\Projekte))
 8 SYSTEMPATH\CodeIgniter.php(368): CodeIgniter\CodeIgniter->handleRequest(null, Object(Config\Cache), false)
 9 FCPATH\index.php(67): CodeIgniter\CodeIgniter->run()
CRITICAL - 2023-01-24 17:02:19 --> Undefined global variable $_SESSION
in APPPATH\Controllers\Home.php on line 43.
 1 APPPATH\Controllers\Home.php(43): CodeIgniter\Debug\Exceptions->errorHandler(2, 'Undefined global variable $_SESSION', 'APPPATH\\Controllers\\Home.php', 43)
 2 SYSTEMPATH\CodeIgniter.php(934): App\Controllers\Home->index()
 3 SYSTEMPATH\CodeIgniter.php(499): CodeIgniter\CodeIgniter->runController(Object(App\Controllers\Home))
 4 SYSTEMPATH\CodeIgniter.php(368): CodeIgniter\CodeIgniter->handleRequest(null, Object(Config\Cache), false)
 5 FCPATH\index.php(67): CodeIgniter\CodeIgniter->run()
CRITICAL - 2023-01-24 17:06:38 --> The route for "/home" cannot be found.
in SYSTEMPATH\HTTP\RedirectResponse.php on line 60.
 1 SYSTEMPATH\HTTP\RedirectResponse.php(60): CodeIgniter\HTTP\Exceptions\HTTPException::forInvalidRedirectRoute('/home')
 2 SYSTEMPATH\Common.php(869): CodeIgniter\HTTP\RedirectResponse->route(false)
 3 APPPATH\Controllers\Login.php(52): redirect('/home')
 4 SYSTEMPATH\CodeIgniter.php(934): App\Controllers\Login->login()
 5 SYSTEMPATH\CodeIgniter.php(499): CodeIgniter\CodeIgniter->runController(Object(App\Controllers\Login))
 6 SYSTEMPATH\CodeIgniter.php(368): CodeIgniter\CodeIgniter->handleRequest(null, Object(Config\Cache), false)
 7 FCPATH\index.php(67): CodeIgniter\CodeIgniter->run()
CRITICAL - 2023-01-24 17:10:46 --> You must set the database table to be used with your query.
in SYSTEMPATH\Database\BaseConnection.php on line 882.
 1 SYSTEMPATH\Model.php(641): CodeIgniter\Database\BaseConnection->table(null)
 2 SYSTEMPATH\Model.php(831): CodeIgniter\Model->builder()
 3 APPPATH\Views\templates\sidebar.php(15): CodeIgniter\Model->__call('worksOnProjekte_Mitglieder', [...])
 4 SYSTEMPATH\View\View.php(213): include('APPPATH\\Views\\templates\\sidebar.php')
 5 SYSTEMPATH\View\View.php(216): CodeIgniter\View\View->CodeIgniter\View\{closure}()
 6 SYSTEMPATH\Common.php(1177): CodeIgniter\View\View->render('templates/sidebar', [], true)
 7 APPPATH\Views\pages\uebersicht.php(3): view('templates/sidebar')
 8 SYSTEMPATH\View\View.php(213): include('APPPATH\\Views\\pages\\uebersicht.php')
 9 SYSTEMPATH\View\View.php(216): CodeIgniter\View\View->CodeIgniter\View\{closure}()
10 SYSTEMPATH\Common.php(1177): CodeIgniter\View\View->render('pages/uebersicht', [], true)
11 APPPATH\Controllers\Home.php(59): view('pages/uebersicht', [...])
12 SYSTEMPATH\CodeIgniter.php(934): App\Controllers\Home->index()
13 SYSTEMPATH\CodeIgniter.php(499): CodeIgniter\CodeIgniter->runController(Object(App\Controllers\Home))
14 SYSTEMPATH\CodeIgniter.php(368): CodeIgniter\CodeIgniter->handleRequest(null, Object(Config\Cache), false)
15 FCPATH\index.php(67): CodeIgniter\CodeIgniter->run()
CRITICAL - 2023-01-24 17:11:08 --> You must set the database table to be used with your query.
in SYSTEMPATH\Database\BaseConnection.php on line 882.
 1 SYSTEMPATH\Model.php(641): CodeIgniter\Database\BaseConnection->table(null)
 2 SYSTEMPATH\Model.php(831): CodeIgniter\Model->builder()
 3 APPPATH\Views\templates\sidebar.php(15): CodeIgniter\Model->__call('worksOnProjekte_Mitglieder', [...])
 4 SYSTEMPATH\View\View.php(213): include('APPPATH\\Views\\templates\\sidebar.php')
 5 SYSTEMPATH\View\View.php(216): CodeIgniter\View\View->CodeIgniter\View\{closure}()
 6 SYSTEMPATH\Common.php(1177): CodeIgniter\View\View->render('templates/sidebar', [], true)
 7 APPPATH\Views\pages\uebersicht.php(3): view('templates/sidebar')
 8 SYSTEMPATH\View\View.php(213): include('APPPATH\\Views\\pages\\uebersicht.php')
 9 SYSTEMPATH\View\View.php(216): CodeIgniter\View\View->CodeIgniter\View\{closure}()
10 SYSTEMPATH\Common.php(1177): CodeIgniter\View\View->render('pages/uebersicht', [], true)
11 APPPATH\Controllers\Home.php(59): view('pages/uebersicht', [...])
12 SYSTEMPATH\CodeIgniter.php(934): App\Controllers\Home->index()
13 SYSTEMPATH\CodeIgniter.php(499): CodeIgniter\CodeIgniter->runController(Object(App\Controllers\Home))
14 SYSTEMPATH\CodeIgniter.php(368): CodeIgniter\CodeIgniter->handleRequest(null, Object(Config\Cache), false)
15 FCPATH\index.php(67): CodeIgniter\CodeIgniter->run()
CRITICAL - 2023-01-24 17:12:04 --> You must set the database table to be used with your query.
in SYSTEMPATH\Database\BaseConnection.php on line 882.
 1 SYSTEMPATH\Model.php(641): CodeIgniter\Database\BaseConnection->table(null)
 2 SYSTEMPATH\Model.php(831): CodeIgniter\Model->builder()
 3 APPPATH\Views\templates\sidebar.php(15): CodeIgniter\Model->__call('worksOnProjekte_Mitglieder', [...])
 4 SYSTEMPATH\View\View.php(213): include('APPPATH\\Views\\templates\\sidebar.php')
 5 SYSTEMPATH\View\View.php(216): CodeIgniter\View\View->CodeIgniter\View\{closure}()
 6 SYSTEMPATH\Common.php(1177): CodeIgniter\View\View->render('templates/sidebar', [], true)
 7 APPPATH\Views\pages\uebersicht.php(3): view('templates/sidebar')
 8 SYSTEMPATH\View\View.php(213): include('APPPATH\\Views\\pages\\uebersicht.php')
 9 SYSTEMPATH\View\View.php(216): CodeIgniter\View\View->CodeIgniter\View\{closure}()
10 SYSTEMPATH\Common.php(1177): CodeIgniter\View\View->render('pages/uebersicht', [], true)
11 APPPATH\Controllers\Home.php(59): view('pages/uebersicht', [...])
12 SYSTEMPATH\CodeIgniter.php(934): App\Controllers\Home->index()
13 SYSTEMPATH\CodeIgniter.php(499): CodeIgniter\CodeIgniter->runController(Object(App\Controllers\Home))
14 SYSTEMPATH\CodeIgniter.php(368): CodeIgniter\CodeIgniter->handleRequest(null, Object(Config\Cache), false)
15 FCPATH\index.php(67): CodeIgniter\CodeIgniter->run()
CRITICAL - 2023-01-24 17:12:05 --> You must set the database table to be used with your query.
in SYSTEMPATH\Database\BaseConnection.php on line 882.
 1 SYSTEMPATH\Model.php(641): CodeIgniter\Database\BaseConnection->table(null)
 2 SYSTEMPATH\Model.php(831): CodeIgniter\Model->builder()
 3 APPPATH\Views\templates\sidebar.php(15): CodeIgniter\Model->__call('worksOnProjekte_Mitglieder', [...])
 4 SYSTEMPATH\View\View.php(213): include('APPPATH\\Views\\templates\\sidebar.php')
 5 SYSTEMPATH\View\View.php(216): CodeIgniter\View\View->CodeIgniter\View\{closure}()
 6 SYSTEMPATH\Common.php(1177): CodeIgniter\View\View->render('templates/sidebar', [], true)
 7 APPPATH\Views\pages\uebersicht.php(3): view('templates/sidebar')
 8 SYSTEMPATH\View\View.php(213): include('APPPATH\\Views\\pages\\uebersicht.php')
 9 SYSTEMPATH\View\View.php(216): CodeIgniter\View\View->CodeIgniter\View\{closure}()
10 SYSTEMPATH\Common.php(1177): CodeIgniter\View\View->render('pages/uebersicht', [], true)
11 APPPATH\Controllers\Home.php(59): view('pages/uebersicht', [...])
12 SYSTEMPATH\CodeIgniter.php(934): App\Controllers\Home->index()
13 SYSTEMPATH\CodeIgniter.php(499): CodeIgniter\CodeIgniter->runController(Object(App\Controllers\Home))
14 SYSTEMPATH\CodeIgniter.php(368): CodeIgniter\CodeIgniter->handleRequest(null, Object(Config\Cache), false)
15 FCPATH\index.php(67): CodeIgniter\CodeIgniter->run()
CRITICAL - 2023-01-24 17:12:10 --> You must set the database table to be used with your query.
in SYSTEMPATH\Database\BaseConnection.php on line 882.
 1 SYSTEMPATH\Model.php(641): CodeIgniter\Database\BaseConnection->table(null)
 2 SYSTEMPATH\Model.php(831): CodeIgniter\Model->builder()
 3 APPPATH\Views\templates\sidebar.php(15): CodeIgniter\Model->__call('worksOnProjekte_Mitglieder', [...])
 4 SYSTEMPATH\View\View.php(213): include('APPPATH\\Views\\templates\\sidebar.php')
 5 SYSTEMPATH\View\View.php(216): CodeIgniter\View\View->CodeIgniter\View\{closure}()
 6 SYSTEMPATH\Common.php(1177): CodeIgniter\View\View->render('templates/sidebar', [], true)
 7 APPPATH\Views\pages\uebersicht.php(3): view('templates/sidebar')
 8 SYSTEMPATH\View\View.php(213): include('APPPATH\\Views\\pages\\uebersicht.php')
 9 SYSTEMPATH\View\View.php(216): CodeIgniter\View\View->CodeIgniter\View\{closure}()
10 SYSTEMPATH\Common.php(1177): CodeIgniter\View\View->render('pages/uebersicht', [], true)
11 APPPATH\Controllers\Home.php(59): view('pages/uebersicht', [...])
12 SYSTEMPATH\CodeIgniter.php(934): App\Controllers\Home->index()
13 SYSTEMPATH\CodeIgniter.php(499): CodeIgniter\CodeIgniter->runController(Object(App\Controllers\Home))
14 SYSTEMPATH\CodeIgniter.php(368): CodeIgniter\CodeIgniter->handleRequest(null, Object(Config\Cache), false)
15 FCPATH\index.php(67): CodeIgniter\CodeIgniter->run()
CRITICAL - 2023-01-24 17:12:14 --> You must set the database table to be used with your query.
in SYSTEMPATH\Database\BaseConnection.php on line 882.
 1 SYSTEMPATH\Model.php(641): CodeIgniter\Database\BaseConnection->table(null)
 2 SYSTEMPATH\Model.php(831): CodeIgniter\Model->builder()
 3 APPPATH\Views\templates\sidebar.php(15): CodeIgniter\Model->__call('worksOnProjekte_Mitglieder', [...])
 4 SYSTEMPATH\View\View.php(213): include('APPPATH\\Views\\templates\\sidebar.php')
 5 SYSTEMPATH\View\View.php(216): CodeIgniter\View\View->CodeIgniter\View\{closure}()
 6 SYSTEMPATH\Common.php(1177): CodeIgniter\View\View->render('templates/sidebar', [], true)
 7 APPPATH\Views\pages\uebersicht.php(3): view('templates/sidebar')
 8 SYSTEMPATH\View\View.php(213): include('APPPATH\\Views\\pages\\uebersicht.php')
 9 SYSTEMPATH\View\View.php(216): CodeIgniter\View\View->CodeIgniter\View\{closure}()
10 SYSTEMPATH\Common.php(1177): CodeIgniter\View\View->render('pages/uebersicht', [], true)
11 APPPATH\Controllers\Home.php(59): view('pages/uebersicht', [...])
12 SYSTEMPATH\CodeIgniter.php(934): App\Controllers\Home->index()
13 SYSTEMPATH\CodeIgniter.php(499): CodeIgniter\CodeIgniter->runController(Object(App\Controllers\Home))
14 SYSTEMPATH\CodeIgniter.php(368): CodeIgniter\CodeIgniter->handleRequest(null, Object(Config\Cache), false)
15 FCPATH\index.php(67): CodeIgniter\CodeIgniter->run()
CRITICAL - 2023-01-24 17:12:45 --> You must set the database table to be used with your query.
in SYSTEMPATH\Database\BaseConnection.php on line 882.
 1 SYSTEMPATH\Model.php(641): CodeIgniter\Database\BaseConnection->table(null)
 2 SYSTEMPATH\Model.php(831): CodeIgniter\Model->builder()
 3 APPPATH\Views\templates\sidebar.php(15): CodeIgniter\Model->__call('worksOnProjekte_Mitglieder', [...])
 4 SYSTEMPATH\View\View.php(213): include('APPPATH\\Views\\templates\\sidebar.php')
 5 SYSTEMPATH\View\View.php(216): CodeIgniter\View\View->CodeIgniter\View\{closure}()
 6 SYSTEMPATH\Common.php(1177): CodeIgniter\View\View->render('templates/sidebar', [], true)
 7 APPPATH\Views\pages\uebersicht.php(3): view('templates/sidebar')
 8 SYSTEMPATH\View\View.php(213): include('APPPATH\\Views\\pages\\uebersicht.php')
 9 SYSTEMPATH\View\View.php(216): CodeIgniter\View\View->CodeIgniter\View\{closure}()
10 SYSTEMPATH\Common.php(1177): CodeIgniter\View\View->render('pages/uebersicht', [], true)
11 APPPATH\Controllers\Home.php(59): view('pages/uebersicht', [...])
12 SYSTEMPATH\CodeIgniter.php(934): App\Controllers\Home->index()
13 SYSTEMPATH\CodeIgniter.php(499): CodeIgniter\CodeIgniter->runController(Object(App\Controllers\Home))
14 SYSTEMPATH\CodeIgniter.php(368): CodeIgniter\CodeIgniter->handleRequest(null, Object(Config\Cache), false)
15 FCPATH\index.php(67): CodeIgniter\CodeIgniter->run()
CRITICAL - 2023-01-24 17:13:07 --> You must set the database table to be used with your query.
in SYSTEMPATH\Database\BaseConnection.php on line 882.
 1 SYSTEMPATH\Model.php(641): CodeIgniter\Database\BaseConnection->table(null)
 2 SYSTEMPATH\Model.php(831): CodeIgniter\Model->builder()
 3 APPPATH\Views\templates\sidebar.php(15): CodeIgniter\Model->__call('worksOnProjekte_Mitglieder', [...])
 4 SYSTEMPATH\View\View.php(213): include('APPPATH\\Views\\templates\\sidebar.php')
 5 SYSTEMPATH\View\View.php(216): CodeIgniter\View\View->CodeIgniter\View\{closure}()
 6 SYSTEMPATH\Common.php(1177): CodeIgniter\View\View->render('templates/sidebar', [], true)
 7 APPPATH\Views\pages\uebersicht.php(3): view('templates/sidebar')
 8 SYSTEMPATH\View\View.php(213): include('APPPATH\\Views\\pages\\uebersicht.php')
 9 SYSTEMPATH\View\View.php(216): CodeIgniter\View\View->CodeIgniter\View\{closure}()
10 SYSTEMPATH\Common.php(1177): CodeIgniter\View\View->render('pages/uebersicht', [], true)
11 APPPATH\Controllers\Home.php(59): view('pages/uebersicht', [...])
12 SYSTEMPATH\CodeIgniter.php(934): App\Controllers\Home->index()
13 SYSTEMPATH\CodeIgniter.php(499): CodeIgniter\CodeIgniter->runController(Object(App\Controllers\Home))
14 SYSTEMPATH\CodeIgniter.php(368): CodeIgniter\CodeIgniter->handleRequest(null, Object(Config\Cache), false)
15 FCPATH\index.php(67): CodeIgniter\CodeIgniter->run()
CRITICAL - 2023-01-24 17:13:23 --> Trying to access array offset on value of type null
in APPPATH\Controllers\Login.php on line 36.
 1 APPPATH\Controllers\Login.php(36): CodeIgniter\Debug\Exceptions->errorHandler(2, 'Trying to access array offset on value of type null', 'APPPATH\\Controllers\\Login.php', 36)
 2 APPPATH\Controllers\Login.php(45): App\Controllers\Login->check_password()
 3 SYSTEMPATH\CodeIgniter.php(934): App\Controllers\Login->login()
 4 SYSTEMPATH\CodeIgniter.php(499): CodeIgniter\CodeIgniter->runController(Object(App\Controllers\Login))
 5 SYSTEMPATH\CodeIgniter.php(368): CodeIgniter\CodeIgniter->handleRequest(null, Object(Config\Cache), false)
 6 FCPATH\index.php(67): CodeIgniter\CodeIgniter->run()
CRITICAL - 2023-01-24 17:13:46 --> Trying to access array offset on value of type null
in APPPATH\Controllers\Login.php on line 36.
 1 APPPATH\Controllers\Login.php(36): CodeIgniter\Debug\Exceptions->errorHandler(2, 'Trying to access array offset on value of type null', 'APPPATH\\Controllers\\Login.php', 36)
 2 APPPATH\Controllers\Login.php(45): App\Controllers\Login->check_password()
 3 SYSTEMPATH\CodeIgniter.php(934): App\Controllers\Login->login()
 4 SYSTEMPATH\CodeIgniter.php(499): CodeIgniter\CodeIgniter->runController(Object(App\Controllers\Login))
 5 SYSTEMPATH\CodeIgniter.php(368): CodeIgniter\CodeIgniter->handleRequest(null, Object(Config\Cache), false)
 6 FCPATH\index.php(67): CodeIgniter\CodeIgniter->run()
CRITICAL - 2023-01-24 17:17:58 --> You must set the database table to be used with your query.
in SYSTEMPATH\Database\BaseConnection.php on line 882.
 1 SYSTEMPATH\Model.php(641): CodeIgniter\Database\BaseConnection->table(null)
 2 SYSTEMPATH\Model.php(831): CodeIgniter\Model->builder()
 3 APPPATH\Views\templates\sidebar.php(15): CodeIgniter\Model->__call('worksOnProjekte_Mitglieder', [...])
 4 SYSTEMPATH\View\View.php(213): include('APPPATH\\Views\\templates\\sidebar.php')
 5 SYSTEMPATH\View\View.php(216): CodeIgniter\View\View->CodeIgniter\View\{closure}()
 6 SYSTEMPATH\Common.php(1177): CodeIgniter\View\View->render('templates/sidebar', [], true)
 7 APPPATH\Views\pages\uebersicht.php(3): view('templates/sidebar')
 8 SYSTEMPATH\View\View.php(213): include('APPPATH\\Views\\pages\\uebersicht.php')
 9 SYSTEMPATH\View\View.php(216): CodeIgniter\View\View->CodeIgniter\View\{closure}()
10 SYSTEMPATH\Common.php(1177): CodeIgniter\View\View->render('pages/uebersicht', [], true)
11 APPPATH\Controllers\Home.php(59): view('pages/uebersicht', [...])
12 SYSTEMPATH\CodeIgniter.php(934): App\Controllers\Home->index()
13 SYSTEMPATH\CodeIgniter.php(499): CodeIgniter\CodeIgniter->runController(Object(App\Controllers\Home))
14 SYSTEMPATH\CodeIgniter.php(368): CodeIgniter\CodeIgniter->handleRequest(null, Object(Config\Cache), false)
15 FCPATH\index.php(67): CodeIgniter\CodeIgniter->run()
CRITICAL - 2023-01-24 17:19:16 --> You must set the database table to be used with your query.
in SYSTEMPATH\Database\BaseConnection.php on line 882.
 1 SYSTEMPATH\Model.php(641): CodeIgniter\Database\BaseConnection->table(null)
 2 SYSTEMPATH\Model.php(831): CodeIgniter\Model->builder()
 3 APPPATH\Views\templates\sidebar.php(15): CodeIgniter\Model->__call('worksOnProjekte_Mitglieder', [...])
 4 SYSTEMPATH\View\View.php(213): include('APPPATH\\Views\\templates\\sidebar.php')
 5 SYSTEMPATH\View\View.php(216): CodeIgniter\View\View->CodeIgniter\View\{closure}()
 6 SYSTEMPATH\Common.php(1177): CodeIgniter\View\View->render('templates/sidebar', [], true)
 7 APPPATH\Views\pages\uebersicht.php(3): view('templates/sidebar')
 8 SYSTEMPATH\View\View.php(213): include('APPPATH\\Views\\pages\\uebersicht.php')
 9 SYSTEMPATH\View\View.php(216): CodeIgniter\View\View->CodeIgniter\View\{closure}()
10 SYSTEMPATH\Common.php(1177): CodeIgniter\View\View->render('pages/uebersicht', [], true)
11 APPPATH\Controllers\Home.php(59): view('pages/uebersicht', [...])
12 SYSTEMPATH\CodeIgniter.php(934): App\Controllers\Home->index()
13 SYSTEMPATH\CodeIgniter.php(499): CodeIgniter\CodeIgniter->runController(Object(App\Controllers\Home))
14 SYSTEMPATH\CodeIgniter.php(368): CodeIgniter\CodeIgniter->handleRequest(null, Object(Config\Cache), false)
15 FCPATH\index.php(67): CodeIgniter\CodeIgniter->run()
CRITICAL - 2023-01-24 17:19:36 --> You must set the database table to be used with your query.
in SYSTEMPATH\Database\BaseConnection.php on line 882.
 1 SYSTEMPATH\Model.php(641): CodeIgniter\Database\BaseConnection->table(null)
 2 SYSTEMPATH\Model.php(831): CodeIgniter\Model->builder()
 3 APPPATH\Views\templates\sidebar.php(15): CodeIgniter\Model->__call('worksOnProjekte_Mitglieder', [...])
 4 SYSTEMPATH\View\View.php(213): include('APPPATH\\Views\\templates\\sidebar.php')
 5 SYSTEMPATH\View\View.php(216): CodeIgniter\View\View->CodeIgniter\View\{closure}()
 6 SYSTEMPATH\Common.php(1177): CodeIgniter\View\View->render('templates/sidebar', [], true)
 7 APPPATH\Views\pages\mitglieder.php(3): view('templates/sidebar')
 8 SYSTEMPATH\View\View.php(213): include('APPPATH\\Views\\pages\\mitglieder.php')
 9 SYSTEMPATH\View\View.php(216): CodeIgniter\View\View->CodeIgniter\View\{closure}()
10 SYSTEMPATH\Common.php(1177): CodeIgniter\View\View->render('pages/mitglieder', [], true)
11 APPPATH\Controllers\Mitglieder.php(33): view('pages/mitglieder')
12 SYSTEMPATH\CodeIgniter.php(934): App\Controllers\Mitglieder->index()
13 SYSTEMPATH\CodeIgniter.php(499): CodeIgniter\CodeIgniter->runController(Object(App\Controllers\Mitglieder))
14 SYSTEMPATH\CodeIgniter.php(368): CodeIgniter\CodeIgniter->handleRequest(null, Object(Config\Cache), false)
15 FCPATH\index.php(67): CodeIgniter\CodeIgniter->run()
CRITICAL - 2023-01-24 17:19:37 --> You must set the database table to be used with your query.
in SYSTEMPATH\Database\BaseConnection.php on line 882.
 1 SYSTEMPATH\Model.php(641): CodeIgniter\Database\BaseConnection->table(null)
 2 SYSTEMPATH\Model.php(831): CodeIgniter\Model->builder()
 3 APPPATH\Views\templates\sidebar.php(15): CodeIgniter\Model->__call('worksOnProjekte_Mitglieder', [...])
 4 SYSTEMPATH\View\View.php(213): include('APPPATH\\Views\\templates\\sidebar.php')
 5 SYSTEMPATH\View\View.php(216): CodeIgniter\View\View->CodeIgniter\View\{closure}()
 6 SYSTEMPATH\Common.php(1177): CodeIgniter\View\View->render('templates/sidebar', [], true)
 7 APPPATH\Views\pages\uebersicht.php(3): view('templates/sidebar')
 8 SYSTEMPATH\View\View.php(213): include('APPPATH\\Views\\pages\\uebersicht.php')
 9 SYSTEMPATH\View\View.php(216): CodeIgniter\View\View->CodeIgniter\View\{closure}()
10 SYSTEMPATH\Common.php(1177): CodeIgniter\View\View->render('pages/uebersicht', [], true)
11 APPPATH\Controllers\Home.php(59): view('pages/uebersicht', [...])
12 SYSTEMPATH\CodeIgniter.php(934): App\Controllers\Home->index()
13 SYSTEMPATH\CodeIgniter.php(499): CodeIgniter\CodeIgniter->runController(Object(App\Controllers\Home))
14 SYSTEMPATH\CodeIgniter.php(368): CodeIgniter\CodeIgniter->handleRequest(null, Object(Config\Cache), false)
15 FCPATH\index.php(67): CodeIgniter\CodeIgniter->run()
CRITICAL - 2023-01-24 17:19:38 --> You must set the database table to be used with your query.
in SYSTEMPATH\Database\BaseConnection.php on line 882.
 1 SYSTEMPATH\Model.php(641): CodeIgniter\Database\BaseConnection->table(null)
 2 SYSTEMPATH\Model.php(831): CodeIgniter\Model->builder()
 3 APPPATH\Views\templates\sidebar.php(15): CodeIgniter\Model->__call('worksOnProjekte_Mitglieder', [...])
 4 SYSTEMPATH\View\View.php(213): include('APPPATH\\Views\\templates\\sidebar.php')
 5 SYSTEMPATH\View\View.php(216): CodeIgniter\View\View->CodeIgniter\View\{closure}()
 6 SYSTEMPATH\Common.php(1177): CodeIgniter\View\View->render('templates/sidebar', [], true)
 7 APPPATH\Views\pages\projekte.php(3): view('templates/sidebar')
 8 SYSTEMPATH\View\View.php(213): include('APPPATH\\Views\\pages\\projekte.php')
 9 SYSTEMPATH\View\View.php(216): CodeIgniter\View\View->CodeIgniter\View\{closure}()
10 SYSTEMPATH\Common.php(1177): CodeIgniter\View\View->render('pages/projekte', [], true)
11 APPPATH\Controllers\Projekte.php(33): view('pages/projekte')
12 SYSTEMPATH\CodeIgniter.php(934): App\Controllers\Projekte->index()
13 SYSTEMPATH\CodeIgniter.php(499): CodeIgniter\CodeIgniter->runController(Object(App\Controllers\Projekte))
14 SYSTEMPATH\CodeIgniter.php(368): CodeIgniter\CodeIgniter->handleRequest(null, Object(Config\Cache), false)
15 FCPATH\index.php(67): CodeIgniter\CodeIgniter->run()
CRITICAL - 2023-01-24 17:19:39 --> You must set the database table to be used with your query.
in SYSTEMPATH\Database\BaseConnection.php on line 882.
 1 SYSTEMPATH\Model.php(641): CodeIgniter\Database\BaseConnection->table(null)
 2 SYSTEMPATH\Model.php(831): CodeIgniter\Model->builder()
 3 APPPATH\Views\templates\sidebar.php(15): CodeIgniter\Model->__call('worksOnProjekte_Mitglieder', [...])
 4 SYSTEMPATH\View\View.php(213): include('APPPATH\\Views\\templates\\sidebar.php')
 5 SYSTEMPATH\View\View.php(216): CodeIgniter\View\View->CodeIgniter\View\{closure}()
 6 SYSTEMPATH\Common.php(1177): CodeIgniter\View\View->render('templates/sidebar', [], true)
 7 APPPATH\Views\pages\projekte.php(3): view('templates/sidebar')
 8 SYSTEMPATH\View\View.php(213): include('APPPATH\\Views\\pages\\projekte.php')
 9 SYSTEMPATH\View\View.php(216): CodeIgniter\View\View->CodeIgniter\View\{closure}()
10 SYSTEMPATH\Common.php(1177): CodeIgniter\View\View->render('pages/projekte', [], true)
11 APPPATH\Controllers\Projekte.php(33): view('pages/projekte')
12 SYSTEMPATH\CodeIgniter.php(934): App\Controllers\Projekte->index()
13 SYSTEMPATH\CodeIgniter.php(499): CodeIgniter\CodeIgniter->runController(Object(App\Controllers\Projekte))
14 SYSTEMPATH\CodeIgniter.php(368): CodeIgniter\CodeIgniter->handleRequest(null, Object(Config\Cache), false)
15 FCPATH\index.php(67): CodeIgniter\CodeIgniter->run()
CRITICAL - 2023-01-24 17:19:40 --> You must set the database table to be used with your query.
in SYSTEMPATH\Database\BaseConnection.php on line 882.
 1 SYSTEMPATH\Model.php(641): CodeIgniter\Database\BaseConnection->table(null)
 2 SYSTEMPATH\Model.php(831): CodeIgniter\Model->builder()
 3 APPPATH\Views\templates\sidebar.php(15): CodeIgniter\Model->__call('worksOnProjekte_Mitglieder', [...])
 4 SYSTEMPATH\View\View.php(213): include('APPPATH\\Views\\templates\\sidebar.php')
 5 SYSTEMPATH\View\View.php(216): CodeIgniter\View\View->CodeIgniter\View\{closure}()
 6 SYSTEMPATH\Common.php(1177): CodeIgniter\View\View->render('templates/sidebar', [], true)
 7 APPPATH\Views\pages\uebersicht.php(3): view('templates/sidebar')
 8 SYSTEMPATH\View\View.php(213): include('APPPATH\\Views\\pages\\uebersicht.php')
 9 SYSTEMPATH\View\View.php(216): CodeIgniter\View\View->CodeIgniter\View\{closure}()
10 SYSTEMPATH\Common.php(1177): CodeIgniter\View\View->render('pages/uebersicht', [], true)
11 APPPATH\Controllers\Home.php(59): view('pages/uebersicht', [...])
12 SYSTEMPATH\CodeIgniter.php(934): App\Controllers\Home->index()
13 SYSTEMPATH\CodeIgniter.php(499): CodeIgniter\CodeIgniter->runController(Object(App\Controllers\Home))
14 SYSTEMPATH\CodeIgniter.php(368): CodeIgniter\CodeIgniter->handleRequest(null, Object(Config\Cache), false)
15 FCPATH\index.php(67): CodeIgniter\CodeIgniter->run()
CRITICAL - 2023-01-24 17:21:16 --> The route for "/home" cannot be found.
in SYSTEMPATH\HTTP\RedirectResponse.php on line 60.
 1 SYSTEMPATH\HTTP\RedirectResponse.php(60): CodeIgniter\HTTP\Exceptions\HTTPException::forInvalidRedirectRoute('/home')
 2 SYSTEMPATH\Common.php(869): CodeIgniter\HTTP\RedirectResponse->route(false)
 3 APPPATH\Controllers\Projekte.php(46): redirect('/home')
 4 SYSTEMPATH\CodeIgniter.php(934): App\Controllers\Projekte->delete_or_swap()
 5 SYSTEMPATH\CodeIgniter.php(499): CodeIgniter\CodeIgniter->runController(Object(App\Controllers\Projekte))
 6 SYSTEMPATH\CodeIgniter.php(368): CodeIgniter\CodeIgniter->handleRequest(null, Object(Config\Cache), false)
 7 FCPATH\index.php(67): CodeIgniter\CodeIgniter->run()
CRITICAL - 2023-01-24 17:33:39 --> The route for "http://localhost/CI_education/public/projekte" cannot be found.
in SYSTEMPATH\HTTP\RedirectResponse.php on line 60.
 1 SYSTEMPATH\HTTP\RedirectResponse.php(60): CodeIgniter\HTTP\Exceptions\HTTPException::forInvalidRedirectRoute('http://localhost/CI_education/public/projekte')
 2 SYSTEMPATH\Common.php(869): CodeIgniter\HTTP\RedirectResponse->route(false)
 3 APPPATH\Controllers\Projekte.php(46): redirect('http://localhost/CI_education/public/projekte')
 4 SYSTEMPATH\CodeIgniter.php(934): App\Controllers\Projekte->delete_or_swap()
 5 SYSTEMPATH\CodeIgniter.php(499): CodeIgniter\CodeIgniter->runController(Object(App\Controllers\Projekte))
 6 SYSTEMPATH\CodeIgniter.php(368): CodeIgniter\CodeIgniter->handleRequest(null, Object(Config\Cache), false)
 7 FCPATH\index.php(67): CodeIgniter\CodeIgniter->run()
CRITICAL - 2023-01-24 17:33:47 --> The route for "http://localhost/CI_education/public/Projekte" cannot be found.
in SYSTEMPATH\HTTP\RedirectResponse.php on line 60.
 1 SYSTEMPATH\HTTP\RedirectResponse.php(60): CodeIgniter\HTTP\Exceptions\HTTPException::forInvalidRedirectRoute('http://localhost/CI_education/public/Projekte')
 2 SYSTEMPATH\Common.php(869): CodeIgniter\HTTP\RedirectResponse->route(false)
 3 APPPATH\Controllers\Projekte.php(46): redirect('http://localhost/CI_education/public/Projekte')
 4 SYSTEMPATH\CodeIgniter.php(934): App\Controllers\Projekte->delete_or_swap()
 5 SYSTEMPATH\CodeIgniter.php(499): CodeIgniter\CodeIgniter->runController(Object(App\Controllers\Projekte))
 6 SYSTEMPATH\CodeIgniter.php(368): CodeIgniter\CodeIgniter->handleRequest(null, Object(Config\Cache), false)
 7 FCPATH\index.php(67): CodeIgniter\CodeIgniter->run()
CRITICAL - 2023-01-24 17:33:58 --> The route for "http://localhost/CI_education/public/Projekte::index" cannot be found.
in SYSTEMPATH\HTTP\RedirectResponse.php on line 60.
 1 SYSTEMPATH\HTTP\RedirectResponse.php(60): CodeIgniter\HTTP\Exceptions\HTTPException::forInvalidRedirectRoute('http://localhost/CI_education/public/Projekte::index')
 2 SYSTEMPATH\Common.php(869): CodeIgniter\HTTP\RedirectResponse->route(false)
 3 APPPATH\Controllers\Projekte.php(46): redirect('http://localhost/CI_education/public/Projekte::index')
 4 SYSTEMPATH\CodeIgniter.php(934): App\Controllers\Projekte->delete_or_swap()
 5 SYSTEMPATH\CodeIgniter.php(499): CodeIgniter\CodeIgniter->runController(Object(App\Controllers\Projekte))
 6 SYSTEMPATH\CodeIgniter.php(368): CodeIgniter\CodeIgniter->handleRequest(null, Object(Config\Cache), false)
 7 FCPATH\index.php(67): CodeIgniter\CodeIgniter->run()
CRITICAL - 2023-01-24 17:34:02 --> The route for "http://localhost/CI_education/public/Projekte::index" cannot be found.
in SYSTEMPATH\HTTP\RedirectResponse.php on line 60.
 1 SYSTEMPATH\HTTP\RedirectResponse.php(60): CodeIgniter\HTTP\Exceptions\HTTPException::forInvalidRedirectRoute('http://localhost/CI_education/public/Projekte::index')
 2 SYSTEMPATH\Common.php(869): CodeIgniter\HTTP\RedirectResponse->route(false)
 3 APPPATH\Controllers\Projekte.php(46): redirect('http://localhost/CI_education/public/Projekte::index')
 4 SYSTEMPATH\CodeIgniter.php(934): App\Controllers\Projekte->delete_or_swap()
 5 SYSTEMPATH\CodeIgniter.php(499): CodeIgniter\CodeIgniter->runController(Object(App\Controllers\Projekte))
 6 SYSTEMPATH\CodeIgniter.php(368): CodeIgniter\CodeIgniter->handleRequest(null, Object(Config\Cache), false)
 7 FCPATH\index.php(67): CodeIgniter\CodeIgniter->run()
CRITICAL - 2023-01-24 20:24:33 --> You must set the database table to be used with your query.
in SYSTEMPATH\Database\BaseConnection.php on line 882.
 1 SYSTEMPATH\Model.php(641): CodeIgniter\Database\BaseConnection->table(null)
 2 SYSTEMPATH\Model.php(831): CodeIgniter\Model->builder()
 3 APPPATH\Views\templates\sidebar.php(15): CodeIgniter\Model->__call('worksOnProjekte_Mitglieder', [...])
 4 SYSTEMPATH\View\View.php(213): include('APPPATH\\Views\\templates\\sidebar.php')
 5 SYSTEMPATH\View\View.php(216): CodeIgniter\View\View->CodeIgniter\View\{closure}()
 6 SYSTEMPATH\Common.php(1177): CodeIgniter\View\View->render('templates/sidebar', [], true)
 7 APPPATH\Views\pages\uebersicht.php(3): view('templates/sidebar')
 8 SYSTEMPATH\View\View.php(213): include('APPPATH\\Views\\pages\\uebersicht.php')
 9 SYSTEMPATH\View\View.php(216): CodeIgniter\View\View->CodeIgniter\View\{closure}()
10 SYSTEMPATH\Common.php(1177): CodeIgniter\View\View->render('pages/uebersicht', [], true)
11 APPPATH\Controllers\Home.php(59): view('pages/uebersicht', [...])
12 SYSTEMPATH\CodeIgniter.php(934): App\Controllers\Home->index()
13 SYSTEMPATH\CodeIgniter.php(499): CodeIgniter\CodeIgniter->runController(Object(App\Controllers\Home))
14 SYSTEMPATH\CodeIgniter.php(368): CodeIgniter\CodeIgniter->handleRequest(null, Object(Config\Cache), false)
15 FCPATH\index.php(67): CodeIgniter\CodeIgniter->run()
