CRITICAL - 2023-01-28 13:51:32 --> Undefined variable $member
in APPPATH\Views\pages\projekte.php on line 38.
 1 APPPATH\Views\pages\projekte.php(38): CodeIgniter\Debug\Exceptions->errorHandler(2, 'Undefined variable $member', 'APPPATH\\Views\\pages\\projekte.php', 38)
 2 SYSTEMPATH\View\View.php(213): include('APPPATH\\Views\\pages\\projekte.php')
 3 SYSTEMPATH\View\View.php(216): CodeIgniter\View\View->CodeIgniter\View\{closure}()
 4 SYSTEMPATH\Common.php(1177): CodeIgniter\View\View->render('pages/projekte', [], true)
 5 APPPATH\Controllers\Projekte.php(33): view('pages/projekte')
 6 SYSTEMPATH\CodeIgniter.php(934): App\Controllers\Projekte->index()
 7 SYSTEMPATH\CodeIgniter.php(499): CodeIgniter\CodeIgniter->runController(Object(App\Controllers\Projekte))
 8 SYSTEMPATH\CodeIgniter.php(368): CodeIgniter\CodeIgniter->handleRequest(null, Object(Config\Cache), false)
 9 FCPATH\index.php(67): CodeIgniter\CodeIgniter->run()
CRITICAL - 2023-01-28 15:26:31 --> Call to undefined method CodeIgniter\Database\MySQLi\Builder::getRowArray()
in APPPATH\Models\ProjekteModel.php on line 112.
 1 APPPATH\Controllers\Projekte.php(40): App\Models\ProjekteModel->projektID()
 2 SYSTEMPATH\CodeIgniter.php(934): App\Controllers\Projekte->create()
 3 SYSTEMPATH\CodeIgniter.php(499): CodeIgniter\CodeIgniter->runController(Object(App\Controllers\Projekte))
 4 SYSTEMPATH\CodeIgniter.php(368): CodeIgniter\CodeIgniter->handleRequest(null, Object(Config\Cache), false)
 5 FCPATH\index.php(67): CodeIgniter\CodeIgniter->run()
CRITICAL - 2023-01-28 15:27:06 --> Object of class CodeIgniter\Database\MySQLi\Builder could not be converted to string
in SYSTEMPATH\Database\Query.php on line 335.
 1 SYSTEMPATH\Database\Query.php(335): strtr('INSERT INTO `projekte_mitglieder` (`id_projekte`, `id_mitglieder`) VALUES (:id_projekte:, :id_mitglieder:)', [...])
 2 SYSTEMPATH\Database\Query.php(310): CodeIgniter\Database\Query->matchNamedBinds('INSERT INTO `projekte_mitglieder` (`id_projekte`, `id_mitglieder`) VALUES (:id_projekte:, :id_mitglieder:)', [...])
 3 SYSTEMPATH\Database\Query.php(159): CodeIgniter\Database\Query->compileBinds()
 4 SYSTEMPATH\Database\BaseConnection.php(605): CodeIgniter\Database\Query->getQuery()
 5 SYSTEMPATH\Database\BaseBuilder.php(2295): CodeIgniter\Database\BaseConnection->query('INSERT INTO `projekte_mitglieder` (`id_projekte`, `id_mitglieder`) VALUES (:id_projekte:, :id_mitglieder:)', [...], false)
 6 APPPATH\Models\ProjekteModel.php(73): CodeIgniter\Database\BaseBuilder->insert([...])
 7 APPPATH\Controllers\Projekte.php(41): App\Models\ProjekteModel->createProjekte_Mitglieder()
 8 SYSTEMPATH\CodeIgniter.php(934): App\Controllers\Projekte->create()
 9 SYSTEMPATH\CodeIgniter.php(499): CodeIgniter\CodeIgniter->runController(Object(App\Controllers\Projekte))
10 SYSTEMPATH\CodeIgniter.php(368): CodeIgniter\CodeIgniter->handleRequest(null, Object(Config\Cache), false)
11 FCPATH\index.php(67): CodeIgniter\CodeIgniter->run()
CRITICAL - 2023-01-28 15:29:14 --> Array to string conversion
in SYSTEMPATH\Database\Query.php on line 329.
 1 [internal function]: CodeIgniter\Debug\Exceptions->errorHandler(2, 'Array to string conversion', 'SYSTEMPATH\\Database\\Query.php', 329)
 2 SYSTEMPATH\Database\Query.php(329): implode(',', [...])
 3 SYSTEMPATH\Database\Query.php(310): CodeIgniter\Database\Query->matchNamedBinds('INSERT INTO `projekte_mitglieder` (`id_projekte`, `id_mitglieder`) VALUES (:id_projekte:, :id_mitglieder:)', [...])
 4 SYSTEMPATH\Database\Query.php(159): CodeIgniter\Database\Query->compileBinds()
 5 SYSTEMPATH\Database\BaseConnection.php(605): CodeIgniter\Database\Query->getQuery()
 6 SYSTEMPATH\Database\BaseBuilder.php(2295): CodeIgniter\Database\BaseConnection->query('INSERT INTO `projekte_mitglieder` (`id_projekte`, `id_mitglieder`) VALUES (:id_projekte:, :id_mitglieder:)', [...], false)
 7 APPPATH\Models\ProjekteModel.php(73): CodeIgniter\Database\BaseBuilder->insert([...])
 8 APPPATH\Controllers\Projekte.php(41): App\Models\ProjekteModel->createProjekte_Mitglieder()
 9 SYSTEMPATH\CodeIgniter.php(934): App\Controllers\Projekte->create()
10 SYSTEMPATH\CodeIgniter.php(499): CodeIgniter\CodeIgniter->runController(Object(App\Controllers\Projekte))
11 SYSTEMPATH\CodeIgniter.php(368): CodeIgniter\CodeIgniter->handleRequest(null, Object(Config\Cache), false)
12 FCPATH\index.php(67): CodeIgniter\CodeIgniter->run()
CRITICAL - 2023-01-28 15:31:58 --> Undefined global variable $_SESSION
in APPPATH\Controllers\Mitglieder.php on line 63.
 1 APPPATH\Controllers\Mitglieder.php(63): CodeIgniter\Debug\Exceptions->errorHandler(2, 'Undefined global variable $_SESSION', 'APPPATH\\Controllers\\Mitglieder.php', 63)
 2 SYSTEMPATH\CodeIgniter.php(934): App\Controllers\Mitglieder->update()
 3 SYSTEMPATH\CodeIgniter.php(499): CodeIgniter\CodeIgniter->runController(Object(App\Controllers\Mitglieder))
 4 SYSTEMPATH\CodeIgniter.php(368): CodeIgniter\CodeIgniter->handleRequest(null, Object(Config\Cache), false)
 5 FCPATH\index.php(67): CodeIgniter\CodeIgniter->run()
CRITICAL - 2023-01-28 15:32:52 --> Undefined global variable $_SESSION
in APPPATH\Controllers\Mitglieder.php on line 63.
 1 APPPATH\Controllers\Mitglieder.php(63): CodeIgniter\Debug\Exceptions->errorHandler(2, 'Undefined global variable $_SESSION', 'APPPATH\\Controllers\\Mitglieder.php', 63)
 2 SYSTEMPATH\CodeIgniter.php(934): App\Controllers\Mitglieder->update()
 3 SYSTEMPATH\CodeIgniter.php(499): CodeIgniter\CodeIgniter->runController(Object(App\Controllers\Mitglieder))
 4 SYSTEMPATH\CodeIgniter.php(368): CodeIgniter\CodeIgniter->handleRequest(null, Object(Config\Cache), false)
 5 FCPATH\index.php(67): CodeIgniter\CodeIgniter->run()
